[0.348s] Invoking command in '/home/ros2/ros2_ws/build/usb_cam': CMAKE_PREFIX_PATH=/home/ros2/ros2_ws/install/camera_subscriber:/opt/ros/humble /usr/bin/cmake /home/ros2/ros2_ws/src/usb_cam -DCMAKE_INSTALL_PREFIX=/home/ros2/ros2_ws/install/usb_cam
[0.420s] -- The C compiler identification is GNU 11.4.0
[0.482s] -- The CXX compiler identification is GNU 11.4.0
[0.489s] -- Detecting C compiler ABI info
[0.579s] -- Detecting C compiler ABI info - done
[0.579s] -- Check for working C compiler: /usr/bin/cc - skipped
[0.579s] -- Detecting C compile features
[0.579s] -- Detecting C compile features - done
[0.582s] -- Detecting CXX compiler ABI info
[0.695s] -- Detecting CXX compiler ABI info - done
[0.701s] -- Check for working CXX compiler: /usr/bin/c++ - skipped
[0.701s] -- Detecting CXX compile features
[0.701s] -- Detecting CXX compile features - done
[0.703s] -- Found ament_cmake_auto: 1.3.6 (/opt/ros/humble/share/ament_cmake_auto/cmake)
[0.866s] -- Found Python3: /usr/bin/python3.10 (found version "3.10.12") found components: Interpreter 
[1.076s] -- Found rosidl_generator_c: 3.1.5 (/opt/ros/humble/share/rosidl_generator_c/cmake)
[1.080s] -- Found rosidl_adapter: 3.1.5 (/opt/ros/humble/share/rosidl_adapter/cmake)
[1.087s] -- Found rosidl_generator_cpp: 3.1.5 (/opt/ros/humble/share/rosidl_generator_cpp/cmake)
[1.099s] -- Using all available rosidl_typesupport_c: rosidl_typesupport_fastrtps_c;rosidl_typesupport_introspection_c
[1.120s] -- Using all available rosidl_typesupport_cpp: rosidl_typesupport_fastrtps_cpp;rosidl_typesupport_introspection_cpp
[1.172s] -- Found rmw_implementation_cmake: 6.1.1 (/opt/ros/humble/share/rmw_implementation_cmake/cmake)
[1.174s] -- Found rmw_fastrtps_cpp: 6.2.5 (/opt/ros/humble/share/rmw_fastrtps_cpp/cmake)
[1.310s] -- Found OpenSSL: /usr/lib/x86_64-linux-gnu/libcrypto.so (found version "3.0.2")  
[1.336s] -- Found FastRTPS: /opt/ros/humble/include  
[1.378s] -- Using RMW implementation 'rmw_fastrtps_cpp' as default
[1.386s] -- Looking for pthread.h
[1.481s] -- Looking for pthread.h - found
[1.481s] -- Performing Test CMAKE_HAVE_LIBC_PTHREAD
[1.572s] -- Performing Test CMAKE_HAVE_LIBC_PTHREAD - Success
[1.573s] -- Found Threads: TRUE  
[2.004s] -- Found OpenCV: /usr (found version "4.5.4") 
[2.009s] -- Found PkgConfig: /usr/bin/pkg-config (found version "0.29.2") 
[2.010s] -- Checking for module 'libavcodec'
[2.032s] --   Found libavcodec, version 58.134.100
[2.085s] -- Checking for module 'libavutil'
[2.103s] --   Found libavutil, version 56.70.100
[2.162s] -- Checking for module 'libswscale'
[2.181s] --   Found libswscale, version 5.9.100
[2.243s] -- Found ament_lint_auto: 0.12.9 (/opt/ros/humble/share/ament_lint_auto/cmake)
[2.259s] -- Found gtest sources under '/opt/ros/humble/src/gtest_vendor': C++ tests using 'Google Test' will be built
[2.269s] -- Added test 'copyright' to check source files copyright and LICENSE
[2.273s] -- Added test 'cppcheck' to perform static code analysis on C / C++ code
[2.273s] -- Configured cppcheck include dirs: /home/ros2/ros2_ws/src/usb_cam/include
[2.273s] -- Configured cppcheck exclude dirs and/or files: 
[2.277s] -- Added test 'cpplint' to check C / C++ code against the Google style
[2.277s] -- Configured cpplint exclude dirs and/or files: 
[2.278s] -- Added test 'flake8' to check Python code syntax and style conventions
[2.279s] -- Added test 'lint_cmake' to check CMake code style
[2.280s] -- Added test 'pep257' to check Python code against some of the docstring style conventions in PEP 257
[2.283s] -- Added test 'uncrustify' to check C / C++ code style
[2.284s] -- Configured uncrustify additional arguments: 
[2.285s] -- Added test 'xmllint' to check XML markup files
[2.287s] -- Configuring done
[2.313s] -- Generating done
[2.316s] -- Build files have been written to: /home/ros2/ros2_ws/build/usb_cam
[2.330s] Invoked command in '/home/ros2/ros2_ws/build/usb_cam' returned '0': CMAKE_PREFIX_PATH=/home/ros2/ros2_ws/install/camera_subscriber:/opt/ros/humble /usr/bin/cmake /home/ros2/ros2_ws/src/usb_cam -DCMAKE_INSTALL_PREFIX=/home/ros2/ros2_ws/install/usb_cam
[2.337s] Invoking command in '/home/ros2/ros2_ws/build/usb_cam': CMAKE_PREFIX_PATH=/home/ros2/ros2_ws/install/camera_subscriber:/opt/ros/humble /usr/bin/cmake --build /home/ros2/ros2_ws/build/usb_cam -- -j4 -l4
[2.403s] [ 14%] [32mBuilding CXX object CMakeFiles/usb_cam_node_exe.dir/rclcpp_components/node_main_usb_cam_node_exe.cpp.o[0m
[2.404s] [ 14%] [32mBuilding CXX object CMakeFiles/usb_cam.dir/src/usb_cam.cpp.o[0m
[2.408s] [ 21%] [32mBuilding CXX object gtest/CMakeFiles/gtest_main.dir/src/gtest_main.cc.o[0m
[2.408s] [ 28%] [32mBuilding CXX object gtest/CMakeFiles/gtest.dir/src/gtest-all.cc.o[0m
[3.548s] [ 35%] [32m[1mLinking CXX static library libgtest_main.a[0m
[3.601s] [ 35%] Built target gtest_main
[4.289s] [ 42%] [32m[1mLinking CXX shared library libusb_cam.so[0m
[4.476s] [ 42%] Built target usb_cam
[4.505s] [ 50%] [32mBuilding CXX object CMakeFiles/usb_cam_node.dir/src/ros2/usb_cam_node.cpp.o[0m
[5.678s] [ 57%] [32m[1mLinking CXX static library libgtest.a[0m
[5.772s] [ 57%] Built target gtest
[5.802s] [ 64%] [32mBuilding CXX object CMakeFiles/test_pixel_formats.dir/test/test_pixel_formats.cpp.o[0m
[5.802s] [ 71%] [32mBuilding CXX object CMakeFiles/test_usb_cam_utils.dir/test/test_usb_cam_utils.cpp.o[0m
[5.946s] [ 78%] [32m[1mLinking CXX executable usb_cam_node_exe[0m
[6.096s] [ 78%] Built target usb_cam_node_exe
[6.618s] [ 85%] [32m[1mLinking CXX executable test_usb_cam_utils[0m
[6.782s] [ 85%] Built target test_usb_cam_utils
[6.892s] [ 92%] [32m[1mLinking CXX executable test_pixel_formats[0m
[7.066s] [ 92%] Built target test_pixel_formats
[11.811s] [100%] [32m[1mLinking CXX shared library libusb_cam_node.so[0m
[12.217s] [100%] Built target usb_cam_node
[12.232s] Invoked command in '/home/ros2/ros2_ws/build/usb_cam' returned '0': CMAKE_PREFIX_PATH=/home/ros2/ros2_ws/install/camera_subscriber:/opt/ros/humble /usr/bin/cmake --build /home/ros2/ros2_ws/build/usb_cam -- -j4 -l4
[12.326s] Invoking command in '/home/ros2/ros2_ws/build/usb_cam': CMAKE_PREFIX_PATH=/home/ros2/ros2_ws/install/camera_subscriber:/opt/ros/humble /usr/bin/cmake --install /home/ros2/ros2_ws/build/usb_cam
[12.335s] -- Install configuration: ""
[12.336s] -- Installing: /home/ros2/ros2_ws/install/usb_cam/share/usb_cam/environment/library_path.sh
[12.336s] -- Installing: /home/ros2/ros2_ws/install/usb_cam/share/usb_cam/environment/library_path.dsv
[12.336s] -- Installing: /home/ros2/ros2_ws/install/usb_cam/lib/usb_cam/usb_cam_node_exe
[12.337s] -- Set runtime path of "/home/ros2/ros2_ws/install/usb_cam/lib/usb_cam/usb_cam_node_exe" to ""
[12.337s] -- Installing: /home/ros2/ros2_ws/install/usb_cam/lib/usb_cam/show_image.py
[12.337s] -- Installing: /home/ros2/ros2_ws/install/usb_cam/lib/libusb_cam.so
[12.338s] -- Installing: /home/ros2/ros2_ws/install/usb_cam/lib/libusb_cam_node.so
[12.341s] -- Set runtime path of "/home/ros2/ros2_ws/install/usb_cam/lib/libusb_cam_node.so" to ""
[12.341s] -- Installing: /home/ros2/ros2_ws/install/usb_cam/include
[12.341s] -- Installing: /home/ros2/ros2_ws/install/usb_cam/include/usb_cam
[12.341s] -- Installing: /home/ros2/ros2_ws/install/usb_cam/include/usb_cam/usb_cam_node.hpp
[12.341s] -- Installing: /home/ros2/ros2_ws/install/usb_cam/include/usb_cam/usb_cam.hpp
[12.341s] -- Installing: /home/ros2/ros2_ws/install/usb_cam/include/usb_cam/formats
[12.342s] -- Installing: /home/ros2/ros2_ws/install/usb_cam/include/usb_cam/formats/rgb.hpp
[12.342s] -- Installing: /home/ros2/ros2_ws/install/usb_cam/include/usb_cam/formats/mjpeg.hpp
[12.342s] -- Installing: /home/ros2/ros2_ws/install/usb_cam/include/usb_cam/formats/mono.hpp
[12.342s] -- Installing: /home/ros2/ros2_ws/install/usb_cam/include/usb_cam/formats/m420.hpp
[12.342s] -- Installing: /home/ros2/ros2_ws/install/usb_cam/include/usb_cam/formats/pixel_format_base.hpp
[12.342s] -- Installing: /home/ros2/ros2_ws/install/usb_cam/include/usb_cam/formats/av_pixel_format_helper.hpp
[12.342s] -- Installing: /home/ros2/ros2_ws/install/usb_cam/include/usb_cam/formats/yuyv.hpp
[12.342s] -- Installing: /home/ros2/ros2_ws/install/usb_cam/include/usb_cam/formats/utils.hpp
[12.342s] -- Installing: /home/ros2/ros2_ws/install/usb_cam/include/usb_cam/formats/uyvy.hpp
[12.343s] -- Installing: /home/ros2/ros2_ws/install/usb_cam/include/usb_cam/constants.hpp
[12.343s] -- Installing: /home/ros2/ros2_ws/install/usb_cam/include/usb_cam/utils.hpp
[12.343s] -- Installing: /home/ros2/ros2_ws/install/usb_cam/include/usb_cam/conversions.hpp
[12.343s] -- Up-to-date: /home/ros2/ros2_ws/install/usb_cam/lib/libusb_cam_node.so
[12.343s] -- Installing: /home/ros2/ros2_ws/install/usb_cam/share/usb_cam/launch
[12.344s] -- Installing: /home/ros2/ros2_ws/install/usb_cam/share/usb_cam/launch/camera_config.py
[12.344s] -- Installing: /home/ros2/ros2_ws/install/usb_cam/share/usb_cam/launch/__init__.py
[12.344s] -- Installing: /home/ros2/ros2_ws/install/usb_cam/share/usb_cam/launch/camera.launch.py
[12.344s] -- Installing: /home/ros2/ros2_ws/install/usb_cam/share/usb_cam/config
[12.344s] -- Installing: /home/ros2/ros2_ws/install/usb_cam/share/usb_cam/config/camera_info.yaml
[12.344s] -- Installing: /home/ros2/ros2_ws/install/usb_cam/share/usb_cam/config/params_2.yaml
[12.344s] -- Installing: /home/ros2/ros2_ws/install/usb_cam/share/usb_cam/config/params_1.yaml
[12.344s] -- Installing: /home/ros2/ros2_ws/install/usb_cam/share/ament_index/resource_index/package_run_dependencies/usb_cam
[12.344s] -- Installing: /home/ros2/ros2_ws/install/usb_cam/share/ament_index/resource_index/parent_prefix_path/usb_cam
[12.345s] -- Installing: /home/ros2/ros2_ws/install/usb_cam/share/usb_cam/environment/ament_prefix_path.sh
[12.345s] -- Installing: /home/ros2/ros2_ws/install/usb_cam/share/usb_cam/environment/ament_prefix_path.dsv
[12.346s] -- Installing: /home/ros2/ros2_ws/install/usb_cam/share/usb_cam/environment/path.sh
[12.346s] -- Installing: /home/ros2/ros2_ws/install/usb_cam/share/usb_cam/environment/path.dsv
[12.346s] -- Installing: /home/ros2/ros2_ws/install/usb_cam/share/usb_cam/local_setup.bash
[12.346s] -- Installing: /home/ros2/ros2_ws/install/usb_cam/share/usb_cam/local_setup.sh
[12.346s] -- Installing: /home/ros2/ros2_ws/install/usb_cam/share/usb_cam/local_setup.zsh
[12.346s] -- Installing: /home/ros2/ros2_ws/install/usb_cam/share/usb_cam/local_setup.dsv
[12.346s] -- Installing: /home/ros2/ros2_ws/install/usb_cam/share/usb_cam/package.dsv
[12.346s] -- Installing: /home/ros2/ros2_ws/install/usb_cam/share/ament_index/resource_index/packages/usb_cam
[12.346s] -- Installing: /home/ros2/ros2_ws/install/usb_cam/share/ament_index/resource_index/rclcpp_components/usb_cam
[12.346s] -- Installing: /home/ros2/ros2_ws/install/usb_cam/share/usb_cam/cmake/ament_cmake_export_libraries-extras.cmake
[12.346s] -- Installing: /home/ros2/ros2_ws/install/usb_cam/share/usb_cam/cmake/ament_cmake_export_dependencies-extras.cmake
[12.347s] -- Installing: /home/ros2/ros2_ws/install/usb_cam/share/usb_cam/cmake/ament_cmake_export_include_directories-extras.cmake
[12.347s] -- Installing: /home/ros2/ros2_ws/install/usb_cam/share/usb_cam/cmake/usb_camConfig.cmake
[12.347s] -- Installing: /home/ros2/ros2_ws/install/usb_cam/share/usb_cam/cmake/usb_camConfig-version.cmake
[12.347s] -- Installing: /home/ros2/ros2_ws/install/usb_cam/share/usb_cam/package.xml
[12.351s] Invoked command in '/home/ros2/ros2_ws/build/usb_cam' returned '0': CMAKE_PREFIX_PATH=/home/ros2/ros2_ws/install/camera_subscriber:/opt/ros/humble /usr/bin/cmake --install /home/ros2/ros2_ws/build/usb_cam
