[0.795s] DEBUG:colcon:Command line arguments: ['/usr/bin/colcon', 'build', '--symlink-install']
[0.795s] DEBUG:colcon:Parsed command line arguments: Namespace(log_base=None, log_level=None, verb_name='build', build_base='build', install_base='install', merge_install=False, symlink_install=True, test_result_base=None, continue_on_error=False, executor='parallel', parallel_workers=4, event_handlers=None, ignore_user_meta=False, metas=['./colcon.meta'], base_paths=['.'], packages_ignore=None, packages_ignore_regex=None, paths=None, packages_up_to=None, packages_up_to_regex=None, packages_above=None, packages_above_and_dependencies=None, packages_above_depth=None, packages_select_by_dep=None, packages_skip_by_dep=None, packages_skip_up_to=None, packages_select_build_failed=False, packages_skip_build_finished=False, packages_select_test_failures=False, packages_skip_test_passed=False, packages_select=None, packages_skip=None, packages_select_regex=None, packages_skip_regex=None, packages_start=None, packages_end=None, allow_overriding=[], cmake_args=None, cmake_target=None, cmake_target_skip_unavailable=False, cmake_clean_cache=False, cmake_clean_first=False, cmake_force_configure=False, ament_cmake_args=None, catkin_cmake_args=None, catkin_skip_building_tests=False, verb_parser=<colcon_defaults.argument_parser.defaults.DefaultArgumentsDecorator object at 0x7f33e859a620>, verb_extension=<colcon_core.verb.build.BuildVerb object at 0x7f33e8598dc0>, main=<bound method BuildVerb.main of <colcon_core.verb.build.BuildVerb object at 0x7f33e8598dc0>>)
[0.835s] Level 1:colcon.colcon_core.package_discovery:discover_packages(colcon_meta) check parameters
[0.835s] Level 1:colcon.colcon_core.package_discovery:discover_packages(recursive) check parameters
[0.835s] Level 1:colcon.colcon_core.package_discovery:discover_packages(ignore) check parameters
[0.835s] Level 1:colcon.colcon_core.package_discovery:discover_packages(path) check parameters
[0.835s] Level 1:colcon.colcon_core.package_discovery:discover_packages(colcon_meta) discover
[0.835s] Level 1:colcon.colcon_core.package_discovery:discover_packages(recursive) discover
[0.836s] INFO:colcon.colcon_core.package_discovery:Crawling recursively for packages in '/home/ros2/ros2_ws'
[0.836s] Level 1:colcon.colcon_core.package_identification:_identify(.) by extensions ['ignore', 'ignore_ament_install']
[0.836s] Level 1:colcon.colcon_core.package_identification:_identify(.) by extension 'ignore'
[0.836s] Level 1:colcon.colcon_core.package_identification:_identify(.) by extension 'ignore_ament_install'
[0.836s] Level 1:colcon.colcon_core.package_identification:_identify(.) by extensions ['colcon_pkg']
[0.836s] Level 1:colcon.colcon_core.package_identification:_identify(.) by extension 'colcon_pkg'
[0.836s] Level 1:colcon.colcon_core.package_identification:_identify(.) by extensions ['colcon_meta']
[0.836s] Level 1:colcon.colcon_core.package_identification:_identify(.) by extension 'colcon_meta'
[0.836s] Level 1:colcon.colcon_core.package_identification:_identify(.) by extensions ['ros']
[0.836s] Level 1:colcon.colcon_core.package_identification:_identify(.) by extension 'ros'
[0.845s] Level 1:colcon.colcon_core.package_identification:_identify(.) by extensions ['cmake', 'python']
[0.845s] Level 1:colcon.colcon_core.package_identification:_identify(.) by extension 'cmake'
[0.845s] Level 1:colcon.colcon_core.package_identification:_identify(.) by extension 'python'
[0.846s] Level 1:colcon.colcon_core.package_identification:_identify(.) by extensions ['python_setup_py']
[0.846s] Level 1:colcon.colcon_core.package_identification:_identify(.) by extension 'python_setup_py'
[0.846s] Level 1:colcon.colcon_core.package_identification:_identify(build) by extensions ['ignore', 'ignore_ament_install']
[0.846s] Level 1:colcon.colcon_core.package_identification:_identify(build) by extension 'ignore'
[0.846s] Level 1:colcon.colcon_core.package_identification:_identify(build) ignored
[0.846s] Level 1:colcon.colcon_core.package_identification:_identify(install) by extensions ['ignore', 'ignore_ament_install']
[0.846s] Level 1:colcon.colcon_core.package_identification:_identify(install) by extension 'ignore'
[0.846s] Level 1:colcon.colcon_core.package_identification:_identify(install) ignored
[0.846s] Level 1:colcon.colcon_core.package_identification:_identify(log) by extensions ['ignore', 'ignore_ament_install']
[0.846s] Level 1:colcon.colcon_core.package_identification:_identify(log) by extension 'ignore'
[0.846s] Level 1:colcon.colcon_core.package_identification:_identify(log) ignored
[0.846s] Level 1:colcon.colcon_core.package_identification:_identify(src) by extensions ['ignore', 'ignore_ament_install']
[0.847s] Level 1:colcon.colcon_core.package_identification:_identify(src) by extension 'ignore'
[0.847s] Level 1:colcon.colcon_core.package_identification:_identify(src) by extension 'ignore_ament_install'
[0.847s] Level 1:colcon.colcon_core.package_identification:_identify(src) by extensions ['colcon_pkg']
[0.847s] Level 1:colcon.colcon_core.package_identification:_identify(src) by extension 'colcon_pkg'
[0.847s] Level 1:colcon.colcon_core.package_identification:_identify(src) by extensions ['colcon_meta']
[0.847s] Level 1:colcon.colcon_core.package_identification:_identify(src) by extension 'colcon_meta'
[0.847s] Level 1:colcon.colcon_core.package_identification:_identify(src) by extensions ['ros']
[0.847s] Level 1:colcon.colcon_core.package_identification:_identify(src) by extension 'ros'
[0.847s] Level 1:colcon.colcon_core.package_identification:_identify(src) by extensions ['cmake', 'python']
[0.847s] Level 1:colcon.colcon_core.package_identification:_identify(src) by extension 'cmake'
[0.847s] Level 1:colcon.colcon_core.package_identification:_identify(src) by extension 'python'
[0.847s] Level 1:colcon.colcon_core.package_identification:_identify(src) by extensions ['python_setup_py']
[0.847s] Level 1:colcon.colcon_core.package_identification:_identify(src) by extension 'python_setup_py'
[0.847s] Level 1:colcon.colcon_core.package_identification:_identify(src/camera_subscriber) by extensions ['ignore', 'ignore_ament_install']
[0.847s] Level 1:colcon.colcon_core.package_identification:_identify(src/camera_subscriber) by extension 'ignore'
[0.847s] Level 1:colcon.colcon_core.package_identification:_identify(src/camera_subscriber) by extension 'ignore_ament_install'
[0.847s] Level 1:colcon.colcon_core.package_identification:_identify(src/camera_subscriber) by extensions ['colcon_pkg']
[0.847s] Level 1:colcon.colcon_core.package_identification:_identify(src/camera_subscriber) by extension 'colcon_pkg'
[0.847s] Level 1:colcon.colcon_core.package_identification:_identify(src/camera_subscriber) by extensions ['colcon_meta']
[0.847s] Level 1:colcon.colcon_core.package_identification:_identify(src/camera_subscriber) by extension 'colcon_meta'
[0.847s] Level 1:colcon.colcon_core.package_identification:_identify(src/camera_subscriber) by extensions ['ros']
[0.847s] Level 1:colcon.colcon_core.package_identification:_identify(src/camera_subscriber) by extension 'ros'
[0.849s] DEBUG:colcon.colcon_core.package_identification:Package 'src/camera_subscriber' with type 'ros.ament_python' and name 'camera_subscriber'
[0.850s] Level 1:colcon.colcon_core.package_identification:_identify(src/usb_cam) by extensions ['ignore', 'ignore_ament_install']
[0.850s] Level 1:colcon.colcon_core.package_identification:_identify(src/usb_cam) by extension 'ignore'
[0.850s] Level 1:colcon.colcon_core.package_identification:_identify(src/usb_cam) by extension 'ignore_ament_install'
[0.850s] Level 1:colcon.colcon_core.package_identification:_identify(src/usb_cam) by extensions ['colcon_pkg']
[0.850s] Level 1:colcon.colcon_core.package_identification:_identify(src/usb_cam) by extension 'colcon_pkg'
[0.850s] Level 1:colcon.colcon_core.package_identification:_identify(src/usb_cam) by extensions ['colcon_meta']
[0.850s] Level 1:colcon.colcon_core.package_identification:_identify(src/usb_cam) by extension 'colcon_meta'
[0.850s] Level 1:colcon.colcon_core.package_identification:_identify(src/usb_cam) by extensions ['ros']
[0.850s] Level 1:colcon.colcon_core.package_identification:_identify(src/usb_cam) by extension 'ros'
[0.856s] DEBUG:colcon.colcon_core.package_identification:Package 'src/usb_cam' with type 'ros.ament_cmake' and name 'usb_cam'
[0.856s] Level 1:colcon.colcon_core.package_discovery:discover_packages(recursive) using defaults
[0.857s] Level 1:colcon.colcon_core.package_discovery:discover_packages(ignore) discover
[0.857s] Level 1:colcon.colcon_core.package_discovery:discover_packages(ignore) using defaults
[0.857s] Level 1:colcon.colcon_core.package_discovery:discover_packages(path) discover
[0.857s] Level 1:colcon.colcon_core.package_discovery:discover_packages(path) using defaults
[0.933s] Level 1:colcon.colcon_core.package_discovery:discover_packages(prefix_path) check parameters
[0.933s] Level 1:colcon.colcon_core.package_discovery:discover_packages(prefix_path) discover
[0.957s] DEBUG:colcon.colcon_installed_package_information.package_discovery:Found 2 installed packages in /home/ros2/ros2_ws/install
[0.970s] DEBUG:colcon.colcon_installed_package_information.package_discovery:Found 276 installed packages in /opt/ros/humble
[0.971s] Level 1:colcon.colcon_core.package_discovery:discover_packages(prefix_path) using defaults
[1.041s] Level 5:colcon.colcon_core.verb:set package 'camera_subscriber' build argument 'cmake_args' from command line to 'None'
[1.041s] Level 5:colcon.colcon_core.verb:set package 'camera_subscriber' build argument 'cmake_target' from command line to 'None'
[1.041s] Level 5:colcon.colcon_core.verb:set package 'camera_subscriber' build argument 'cmake_target_skip_unavailable' from command line to 'False'
[1.041s] Level 5:colcon.colcon_core.verb:set package 'camera_subscriber' build argument 'cmake_clean_cache' from command line to 'False'
[1.041s] Level 5:colcon.colcon_core.verb:set package 'camera_subscriber' build argument 'cmake_clean_first' from command line to 'False'
[1.041s] Level 5:colcon.colcon_core.verb:set package 'camera_subscriber' build argument 'cmake_force_configure' from command line to 'False'
[1.041s] Level 5:colcon.colcon_core.verb:set package 'camera_subscriber' build argument 'ament_cmake_args' from command line to 'None'
[1.041s] Level 5:colcon.colcon_core.verb:set package 'camera_subscriber' build argument 'catkin_cmake_args' from command line to 'None'
[1.041s] Level 5:colcon.colcon_core.verb:set package 'camera_subscriber' build argument 'catkin_skip_building_tests' from command line to 'False'
[1.041s] DEBUG:colcon.colcon_core.verb:Building package 'camera_subscriber' with the following arguments: {'ament_cmake_args': None, 'build_base': '/home/ros2/ros2_ws/build/camera_subscriber', 'catkin_cmake_args': None, 'catkin_skip_building_tests': False, 'cmake_args': None, 'cmake_clean_cache': False, 'cmake_clean_first': False, 'cmake_force_configure': False, 'cmake_target': None, 'cmake_target_skip_unavailable': False, 'install_base': '/home/ros2/ros2_ws/install/camera_subscriber', 'merge_install': False, 'path': '/home/ros2/ros2_ws/src/camera_subscriber', 'symlink_install': True, 'test_result_base': None}
[1.052s] Level 5:colcon.colcon_core.verb:set package 'usb_cam' build argument 'cmake_args' from command line to 'None'
[1.053s] Level 5:colcon.colcon_core.verb:set package 'usb_cam' build argument 'cmake_target' from command line to 'None'
[1.053s] Level 5:colcon.colcon_core.verb:set package 'usb_cam' build argument 'cmake_target_skip_unavailable' from command line to 'False'
[1.053s] Level 5:colcon.colcon_core.verb:set package 'usb_cam' build argument 'cmake_clean_cache' from command line to 'False'
[1.053s] Level 5:colcon.colcon_core.verb:set package 'usb_cam' build argument 'cmake_clean_first' from command line to 'False'
[1.053s] Level 5:colcon.colcon_core.verb:set package 'usb_cam' build argument 'cmake_force_configure' from command line to 'False'
[1.053s] Level 5:colcon.colcon_core.verb:set package 'usb_cam' build argument 'ament_cmake_args' from command line to 'None'
[1.053s] Level 5:colcon.colcon_core.verb:set package 'usb_cam' build argument 'catkin_cmake_args' from command line to 'None'
[1.053s] Level 5:colcon.colcon_core.verb:set package 'usb_cam' build argument 'catkin_skip_building_tests' from command line to 'False'
[1.053s] DEBUG:colcon.colcon_core.verb:Building package 'usb_cam' with the following arguments: {'ament_cmake_args': None, 'build_base': '/home/ros2/ros2_ws/build/usb_cam', 'catkin_cmake_args': None, 'catkin_skip_building_tests': False, 'cmake_args': None, 'cmake_clean_cache': False, 'cmake_clean_first': False, 'cmake_force_configure': False, 'cmake_target': None, 'cmake_target_skip_unavailable': False, 'install_base': '/home/ros2/ros2_ws/install/usb_cam', 'merge_install': False, 'path': '/home/ros2/ros2_ws/src/usb_cam', 'symlink_install': True, 'test_result_base': None}
[1.064s] INFO:colcon.colcon_core.executor:Executing jobs using 'parallel' executor
[1.075s] DEBUG:colcon.colcon_parallel_executor.executor.parallel:run_until_complete
[1.076s] INFO:colcon.colcon_ros.task.ament_python.build:Building ROS package in '/home/ros2/ros2_ws/src/camera_subscriber' with build type 'ament_python'
[1.076s] Level 1:colcon.colcon_core.shell:create_environment_hook('camera_subscriber', 'ament_prefix_path')
[1.093s] INFO:colcon.colcon_core.plugin_system:Skipping extension 'colcon_core.shell.bat': Not used on non-Windows systems
[1.093s] INFO:colcon.colcon_core.shell:Creating environment hook '/home/ros2/ros2_ws/install/camera_subscriber/share/camera_subscriber/hook/ament_prefix_path.ps1'
[1.094s] INFO:colcon.colcon_core.shell:Creating environment descriptor '/home/ros2/ros2_ws/install/camera_subscriber/share/camera_subscriber/hook/ament_prefix_path.dsv'
[1.095s] INFO:colcon.colcon_core.shell:Creating environment hook '/home/ros2/ros2_ws/install/camera_subscriber/share/camera_subscriber/hook/ament_prefix_path.sh'
[1.107s] INFO:colcon.colcon_core.shell:Skip shell extension 'powershell' for command environment: Not usable outside of PowerShell
[1.107s] DEBUG:colcon.colcon_core.shell:Skip shell extension 'dsv' for command environment
[1.150s] INFO:colcon.colcon_ros.task.ament_cmake.build:Building ROS package in '/home/ros2/ros2_ws/src/usb_cam' with build type 'ament_cmake'
[1.150s] INFO:colcon.colcon_cmake.task.cmake.build:Building CMake package in '/home/ros2/ros2_ws/src/usb_cam'
[1.164s] INFO:colcon.colcon_core.shell:Skip shell extension 'powershell' for command environment: Not usable outside of PowerShell
[1.164s] DEBUG:colcon.colcon_core.shell:Skip shell extension 'dsv' for command environment
[1.405s] INFO:colcon.colcon_core.task.python.build:Building Python package in '/home/ros2/ros2_ws/src/camera_subscriber'
[1.423s] INFO:colcon.colcon_core.shell:Skip shell extension 'powershell' for command environment: Not usable outside of PowerShell
[1.424s] DEBUG:colcon.colcon_core.shell:Skip shell extension 'dsv' for command environment
[1.478s] DEBUG:colcon.colcon_core.event_handler.log_command:Invoking command in '/home/ros2/ros2_ws/build/usb_cam': CMAKE_PREFIX_PATH=${CMAKE_PREFIX_PATH}:/home/ros2/ros2_ws/install/camera_subscriber:/opt/ros/humble /usr/bin/cmake /home/ros2/ros2_ws/src/usb_cam -DAMENT_CMAKE_SYMLINK_INSTALL=1 -DCMAKE_INSTALL_PREFIX=/home/ros2/ros2_ws/install/usb_cam
[1.801s] DEBUG:colcon.colcon_core.task.python.build:While undoing a previous installation files outside the Python library path are being ignored: /home/ros2/ros2_ws/install/camera_subscriber/share/ament_index/resource_index/packages/camera_subscriber
[1.801s] DEBUG:colcon.colcon_core.task.python.build:While undoing a previous installation files outside the Python library path are being ignored: /home/ros2/ros2_ws/install/camera_subscriber/share/camera_subscriber/package.xml
[1.801s] DEBUG:colcon.colcon_core.task.python.build:While undoing a previous installation files outside the Python library path are being ignored: /home/ros2/ros2_ws/install/camera_subscriber/lib/camera_subscriber/camera_node
[1.803s] DEBUG:colcon.colcon_core.event_handler.log_command:Invoking command in '/home/ros2/ros2_ws/build/camera_subscriber': PYTHONPATH=/home/ros2/ros2_ws/build/camera_subscriber/prefix_override:/home/ros2/ros2_ws/install/camera_subscriber/lib/python3.10/site-packages:${PYTHONPATH} /usr/bin/python3 setup.py develop --editable --build-directory /home/ros2/ros2_ws/build/camera_subscriber/build --no-deps install_data
[2.185s] Level 1:colcon.colcon_core.shell:create_environment_hook('camera_subscriber', 'pythonpath_develop')
[2.197s] INFO:colcon.colcon_core.shell:Creating environment hook '/home/ros2/ros2_ws/build/camera_subscriber/share/camera_subscriber/hook/pythonpath_develop.ps1'
[2.198s] INFO:colcon.colcon_core.shell:Creating environment descriptor '/home/ros2/ros2_ws/build/camera_subscriber/share/camera_subscriber/hook/pythonpath_develop.dsv'
[2.198s] INFO:colcon.colcon_core.shell:Creating environment hook '/home/ros2/ros2_ws/build/camera_subscriber/share/camera_subscriber/hook/pythonpath_develop.sh'
[2.211s] Level 1:colcon.colcon_core.environment:checking '/home/ros2/ros2_ws/install/camera_subscriber' for CMake module files
[2.211s] Level 1:colcon.colcon_core.environment:checking '/home/ros2/ros2_ws/install/camera_subscriber' for CMake config files
[2.212s] Level 1:colcon.colcon_core.environment:checking '/home/ros2/ros2_ws/install/camera_subscriber/lib'
[2.212s] Level 1:colcon.colcon_core.environment:checking '/home/ros2/ros2_ws/install/camera_subscriber/bin'
[2.212s] Level 1:colcon.colcon_core.environment:checking '/home/ros2/ros2_ws/install/camera_subscriber/lib/pkgconfig/camera_subscriber.pc'
[2.212s] Level 1:colcon.colcon_core.environment:checking '/home/ros2/ros2_ws/install/camera_subscriber/lib/python3.10/site-packages'
[2.212s] Level 1:colcon.colcon_core.shell:create_environment_hook('camera_subscriber', 'pythonpath')
[2.222s] INFO:colcon.colcon_core.shell:Creating environment hook '/home/ros2/ros2_ws/install/camera_subscriber/share/camera_subscriber/hook/pythonpath.ps1'
[2.223s] INFO:colcon.colcon_core.shell:Creating environment descriptor '/home/ros2/ros2_ws/install/camera_subscriber/share/camera_subscriber/hook/pythonpath.dsv'
[2.223s] INFO:colcon.colcon_core.shell:Creating environment hook '/home/ros2/ros2_ws/install/camera_subscriber/share/camera_subscriber/hook/pythonpath.sh'
[2.224s] Level 1:colcon.colcon_core.environment:checking '/home/ros2/ros2_ws/install/camera_subscriber/bin'
[2.224s] Level 1:colcon.colcon_core.environment:create_environment_scripts_only(camera_subscriber)
[2.235s] INFO:colcon.colcon_core.shell:Creating package script '/home/ros2/ros2_ws/install/camera_subscriber/share/camera_subscriber/package.ps1'
[2.236s] INFO:colcon.colcon_core.shell:Creating package descriptor '/home/ros2/ros2_ws/install/camera_subscriber/share/camera_subscriber/package.dsv'
[2.236s] INFO:colcon.colcon_core.shell:Creating package script '/home/ros2/ros2_ws/install/camera_subscriber/share/camera_subscriber/package.sh'
[2.237s] INFO:colcon.colcon_core.shell:Creating package script '/home/ros2/ros2_ws/install/camera_subscriber/share/camera_subscriber/package.bash'
[2.238s] INFO:colcon.colcon_core.shell:Creating package script '/home/ros2/ros2_ws/install/camera_subscriber/share/camera_subscriber/package.zsh'
[2.239s] Level 1:colcon.colcon_core.environment:create_file_with_runtime_dependencies(/home/ros2/ros2_ws/install/camera_subscriber/share/colcon-core/packages/camera_subscriber)
[2.240s] DEBUG:colcon.colcon_core.event_handler.log_command:Invoked command in '/home/ros2/ros2_ws/build/camera_subscriber' returned '0': PYTHONPATH=/home/ros2/ros2_ws/build/camera_subscriber/prefix_override:/home/ros2/ros2_ws/install/camera_subscriber/lib/python3.10/site-packages:${PYTHONPATH} /usr/bin/python3 setup.py develop --editable --build-directory /home/ros2/ros2_ws/build/camera_subscriber/build --no-deps install_data
[2.455s] DEBUG:colcon.colcon_core.event_handler.log_command:Invoked command in '/home/ros2/ros2_ws/build/usb_cam' returned '0': CMAKE_PREFIX_PATH=${CMAKE_PREFIX_PATH}:/home/ros2/ros2_ws/install/camera_subscriber:/opt/ros/humble /usr/bin/cmake /home/ros2/ros2_ws/src/usb_cam -DAMENT_CMAKE_SYMLINK_INSTALL=1 -DCMAKE_INSTALL_PREFIX=/home/ros2/ros2_ws/install/usb_cam
[2.457s] DEBUG:colcon.colcon_core.event_handler.log_command:Invoking command in '/home/ros2/ros2_ws/build/usb_cam': CMAKE_PREFIX_PATH=${CMAKE_PREFIX_PATH}:/home/ros2/ros2_ws/install/camera_subscriber:/opt/ros/humble /usr/bin/cmake --build /home/ros2/ros2_ws/build/usb_cam -- -j4 -l4
[3.043s] DEBUG:colcon.colcon_core.event_handler.log_command:Invoked command in '/home/ros2/ros2_ws/build/usb_cam' returned '0': CMAKE_PREFIX_PATH=${CMAKE_PREFIX_PATH}:/home/ros2/ros2_ws/install/camera_subscriber:/opt/ros/humble /usr/bin/cmake --build /home/ros2/ros2_ws/build/usb_cam -- -j4 -l4
[3.143s] DEBUG:colcon.colcon_core.event_handler.log_command:Invoking command in '/home/ros2/ros2_ws/build/usb_cam': CMAKE_PREFIX_PATH=${CMAKE_PREFIX_PATH}:/home/ros2/ros2_ws/install/camera_subscriber:/opt/ros/humble /usr/bin/cmake --install /home/ros2/ros2_ws/build/usb_cam
[3.682s] Level 1:colcon.colcon_core.environment:create_environment_scripts_only(usb_cam)
[3.684s] DEBUG:colcon.colcon_core.event_handler.log_command:Invoked command in '/home/ros2/ros2_ws/build/usb_cam' returned '0': CMAKE_PREFIX_PATH=${CMAKE_PREFIX_PATH}:/home/ros2/ros2_ws/install/camera_subscriber:/opt/ros/humble /usr/bin/cmake --install /home/ros2/ros2_ws/build/usb_cam
[3.695s] Level 1:colcon.colcon_core.environment:checking '/home/ros2/ros2_ws/install/usb_cam' for CMake module files
[3.695s] Level 1:colcon.colcon_core.environment:checking '/home/ros2/ros2_ws/install/usb_cam' for CMake config files
[3.696s] Level 1:colcon.colcon_core.shell:create_environment_hook('usb_cam', 'cmake_prefix_path')
[3.707s] INFO:colcon.colcon_core.shell:Creating environment hook '/home/ros2/ros2_ws/install/usb_cam/share/usb_cam/hook/cmake_prefix_path.ps1'
[3.708s] INFO:colcon.colcon_core.shell:Creating environment descriptor '/home/ros2/ros2_ws/install/usb_cam/share/usb_cam/hook/cmake_prefix_path.dsv'
[3.709s] INFO:colcon.colcon_core.shell:Creating environment hook '/home/ros2/ros2_ws/install/usb_cam/share/usb_cam/hook/cmake_prefix_path.sh'
[3.710s] Level 1:colcon.colcon_core.environment:checking '/home/ros2/ros2_ws/install/usb_cam/lib'
[3.710s] Level 1:colcon.colcon_core.shell:create_environment_hook('usb_cam', 'ld_library_path_lib')
[3.721s] INFO:colcon.colcon_core.shell:Creating environment hook '/home/ros2/ros2_ws/install/usb_cam/share/usb_cam/hook/ld_library_path_lib.ps1'
[3.722s] INFO:colcon.colcon_core.shell:Creating environment descriptor '/home/ros2/ros2_ws/install/usb_cam/share/usb_cam/hook/ld_library_path_lib.dsv'
[3.723s] INFO:colcon.colcon_core.shell:Creating environment hook '/home/ros2/ros2_ws/install/usb_cam/share/usb_cam/hook/ld_library_path_lib.sh'
[3.723s] Level 1:colcon.colcon_core.environment:checking '/home/ros2/ros2_ws/install/usb_cam/bin'
[3.724s] Level 1:colcon.colcon_core.environment:checking '/home/ros2/ros2_ws/install/usb_cam/lib/pkgconfig/usb_cam.pc'
[3.724s] Level 1:colcon.colcon_core.environment:checking '/home/ros2/ros2_ws/install/usb_cam/lib/python3.10/site-packages'
[3.724s] Level 1:colcon.colcon_core.environment:checking '/home/ros2/ros2_ws/install/usb_cam/bin'
[3.735s] INFO:colcon.colcon_core.shell:Creating package script '/home/ros2/ros2_ws/install/usb_cam/share/usb_cam/package.ps1'
[3.736s] INFO:colcon.colcon_core.shell:Creating package descriptor '/home/ros2/ros2_ws/install/usb_cam/share/usb_cam/package.dsv'
[3.737s] INFO:colcon.colcon_core.shell:Creating package script '/home/ros2/ros2_ws/install/usb_cam/share/usb_cam/package.sh'
[3.737s] INFO:colcon.colcon_core.shell:Creating package script '/home/ros2/ros2_ws/install/usb_cam/share/usb_cam/package.bash'
[3.738s] INFO:colcon.colcon_core.shell:Creating package script '/home/ros2/ros2_ws/install/usb_cam/share/usb_cam/package.zsh'
[3.739s] Level 1:colcon.colcon_core.environment:create_file_with_runtime_dependencies(/home/ros2/ros2_ws/install/usb_cam/share/colcon-core/packages/usb_cam)
[3.832s] Level 1:colcon.colcon_core.environment:create_environment_scripts_only(usb_cam)
[3.842s] Level 1:colcon.colcon_core.environment:checking '/home/ros2/ros2_ws/install/usb_cam' for CMake module files
[3.843s] Level 1:colcon.colcon_core.environment:checking '/home/ros2/ros2_ws/install/usb_cam' for CMake config files
[3.843s] Level 1:colcon.colcon_core.shell:create_environment_hook('usb_cam', 'cmake_prefix_path')
[3.853s] INFO:colcon.colcon_core.shell:Creating environment hook '/home/ros2/ros2_ws/install/usb_cam/share/usb_cam/hook/cmake_prefix_path.ps1'
[3.854s] INFO:colcon.colcon_core.shell:Creating environment descriptor '/home/ros2/ros2_ws/install/usb_cam/share/usb_cam/hook/cmake_prefix_path.dsv'
[3.855s] INFO:colcon.colcon_core.shell:Creating environment hook '/home/ros2/ros2_ws/install/usb_cam/share/usb_cam/hook/cmake_prefix_path.sh'
[3.856s] Level 1:colcon.colcon_core.environment:checking '/home/ros2/ros2_ws/install/usb_cam/lib'
[3.857s] Level 1:colcon.colcon_core.shell:create_environment_hook('usb_cam', 'ld_library_path_lib')
[3.870s] INFO:colcon.colcon_core.shell:Creating environment hook '/home/ros2/ros2_ws/install/usb_cam/share/usb_cam/hook/ld_library_path_lib.ps1'
[3.871s] INFO:colcon.colcon_core.shell:Creating environment descriptor '/home/ros2/ros2_ws/install/usb_cam/share/usb_cam/hook/ld_library_path_lib.dsv'
[3.872s] INFO:colcon.colcon_core.shell:Creating environment hook '/home/ros2/ros2_ws/install/usb_cam/share/usb_cam/hook/ld_library_path_lib.sh'
[3.872s] Level 1:colcon.colcon_core.environment:checking '/home/ros2/ros2_ws/install/usb_cam/bin'
[3.872s] Level 1:colcon.colcon_core.environment:checking '/home/ros2/ros2_ws/install/usb_cam/lib/pkgconfig/usb_cam.pc'
[3.873s] Level 1:colcon.colcon_core.environment:checking '/home/ros2/ros2_ws/install/usb_cam/lib/python3.10/site-packages'
[3.873s] Level 1:colcon.colcon_core.environment:checking '/home/ros2/ros2_ws/install/usb_cam/bin'
[3.884s] INFO:colcon.colcon_core.shell:Creating package script '/home/ros2/ros2_ws/install/usb_cam/share/usb_cam/package.ps1'
[3.885s] INFO:colcon.colcon_core.shell:Creating package descriptor '/home/ros2/ros2_ws/install/usb_cam/share/usb_cam/package.dsv'
[3.886s] INFO:colcon.colcon_core.shell:Creating package script '/home/ros2/ros2_ws/install/usb_cam/share/usb_cam/package.sh'
[3.887s] INFO:colcon.colcon_core.shell:Creating package script '/home/ros2/ros2_ws/install/usb_cam/share/usb_cam/package.bash'
[3.888s] INFO:colcon.colcon_core.shell:Creating package script '/home/ros2/ros2_ws/install/usb_cam/share/usb_cam/package.zsh'
[3.888s] Level 1:colcon.colcon_core.environment:create_file_with_runtime_dependencies(/home/ros2/ros2_ws/install/usb_cam/share/colcon-core/packages/usb_cam)
[3.889s] DEBUG:colcon.colcon_parallel_executor.executor.parallel:closing loop
[3.890s] DEBUG:colcon.colcon_parallel_executor.executor.parallel:loop closed
[3.891s] DEBUG:colcon.colcon_parallel_executor.executor.parallel:run_until_complete finished with '0'
[3.891s] DEBUG:colcon.colcon_core.event_reactor:joining thread
[3.916s] INFO:colcon.colcon_core.plugin_system:Skipping extension 'colcon_notification.desktop_notification.terminal_notifier': Not used on non-Darwin systems
[3.917s] INFO:colcon.colcon_core.plugin_system:Skipping extension 'colcon_notification.desktop_notification.win32': Not used on non-Windows systems
[3.917s] INFO:colcon.colcon_notification.desktop_notification:Sending desktop notification using 'notify2'
[3.938s] DEBUG:colcon.colcon_core.event_reactor:joined thread
[3.949s] INFO:colcon.colcon_core.shell:Creating prefix script '/home/ros2/ros2_ws/install/local_setup.ps1'
[3.951s] INFO:colcon.colcon_core.shell:Creating prefix util module '/home/ros2/ros2_ws/install/_local_setup_util_ps1.py'
[3.952s] INFO:colcon.colcon_core.shell:Creating prefix chain script '/home/ros2/ros2_ws/install/setup.ps1'
[3.974s] INFO:colcon.colcon_core.shell:Creating prefix script '/home/ros2/ros2_ws/install/local_setup.sh'
[3.975s] INFO:colcon.colcon_core.shell:Creating prefix util module '/home/ros2/ros2_ws/install/_local_setup_util_sh.py'
[3.976s] INFO:colcon.colcon_core.shell:Creating prefix chain script '/home/ros2/ros2_ws/install/setup.sh'
[3.990s] INFO:colcon.colcon_core.shell:Creating prefix script '/home/ros2/ros2_ws/install/local_setup.bash'
[3.991s] INFO:colcon.colcon_core.shell:Creating prefix chain script '/home/ros2/ros2_ws/install/setup.bash'
[4.003s] INFO:colcon.colcon_core.shell:Creating prefix script '/home/ros2/ros2_ws/install/local_setup.zsh'
[4.003s] INFO:colcon.colcon_core.shell:Creating prefix chain script '/home/ros2/ros2_ws/install/setup.zsh'
