[0.328s] Invoking command in '/home/ros2/ros2_ws/build/usb_cam': CMAKE_PREFIX_PATH=${CMAKE_PREFIX_PATH}:/home/ros2/ros2_ws/install/camera_subscriber:/opt/ros/humble /usr/bin/cmake /home/ros2/ros2_ws/src/usb_cam -DAMENT_CMAKE_SYMLINK_INSTALL=1 -DCMAKE_INSTALL_PREFIX=/home/ros2/ros2_ws/install/usb_cam
[0.344s] -- Found ament_cmake_auto: 1.3.6 (/opt/ros/humble/share/ament_cmake_auto/cmake)
[0.500s] -- Override CMake install command with custom implementation using symlinks instead of copying resources
[0.614s] -- Found rosidl_generator_c: 3.1.5 (/opt/ros/humble/share/rosidl_generator_c/cmake)
[0.617s] -- Found rosidl_adapter: 3.1.5 (/opt/ros/humble/share/rosidl_adapter/cmake)
[0.623s] -- Found rosidl_generator_cpp: 3.1.5 (/opt/ros/humble/share/rosidl_generator_cpp/cmake)
[0.633s] -- Using all available rosidl_typesupport_c: rosidl_typesupport_fastrtps_c;rosidl_typesupport_introspection_c
[0.649s] -- Using all available rosidl_typesupport_cpp: rosidl_typesupport_fastrtps_cpp;rosidl_typesupport_introspection_cpp
[0.696s] -- Found rmw_implementation_cmake: 6.1.1 (/opt/ros/humble/share/rmw_implementation_cmake/cmake)
[0.698s] -- Found rmw_fastrtps_cpp: 6.2.5 (/opt/ros/humble/share/rmw_fastrtps_cpp/cmake)
[0.805s] -- Using RMW implementation 'rmw_fastrtps_cpp' as default
[1.221s] -- Found ament_lint_auto: 0.12.9 (/opt/ros/humble/share/ament_lint_auto/cmake)
[1.226s] -- Found gtest sources under '/opt/ros/humble/src/gtest_vendor': C++ tests using 'Google Test' will be built
[1.238s] -- Added test 'copyright' to check source files copyright and LICENSE
[1.241s] -- Added test 'cppcheck' to perform static code analysis on C / C++ code
[1.242s] -- Configured cppcheck include dirs: /home/ros2/ros2_ws/src/usb_cam/include
[1.242s] -- Configured cppcheck exclude dirs and/or files: 
[1.245s] -- Added test 'cpplint' to check C / C++ code against the Google style
[1.245s] -- Configured cpplint exclude dirs and/or files: 
[1.246s] -- Added test 'flake8' to check Python code syntax and style conventions
[1.247s] -- Added test 'lint_cmake' to check CMake code style
[1.249s] -- Added test 'pep257' to check Python code against some of the docstring style conventions in PEP 257
[1.252s] -- Added test 'uncrustify' to check C / C++ code style
[1.252s] -- Configured uncrustify additional arguments: 
[1.253s] -- Added test 'xmllint' to check XML markup files
[1.254s] -- Configuring done
[1.291s] -- Generating done
[1.296s] -- Build files have been written to: /home/ros2/ros2_ws/build/usb_cam
[1.305s] Invoked command in '/home/ros2/ros2_ws/build/usb_cam' returned '0': CMAKE_PREFIX_PATH=${CMAKE_PREFIX_PATH}:/home/ros2/ros2_ws/install/camera_subscriber:/opt/ros/humble /usr/bin/cmake /home/ros2/ros2_ws/src/usb_cam -DAMENT_CMAKE_SYMLINK_INSTALL=1 -DCMAKE_INSTALL_PREFIX=/home/ros2/ros2_ws/install/usb_cam
[1.307s] Invoking command in '/home/ros2/ros2_ws/build/usb_cam': CMAKE_PREFIX_PATH=${CMAKE_PREFIX_PATH}:/home/ros2/ros2_ws/install/camera_subscriber:/opt/ros/humble /usr/bin/cmake --build /home/ros2/ros2_ws/build/usb_cam -- -j4 -l4
[1.370s] [35m[1mConsolidate compiler generated dependencies of target gtest_main[0m
[1.370s] [35m[1mConsolidate compiler generated dependencies of target gtest[0m
[1.370s] [35m[1mConsolidate compiler generated dependencies of target usb_cam[0m
[1.370s] [35m[1mConsolidate compiler generated dependencies of target usb_cam_node_exe[0m
[1.396s] [ 35%] Built target gtest
[1.397s] [ 35%] Built target gtest_main
[1.397s] [ 42%] Built target usb_cam
[1.406s] [ 50%] [32m[1mLinking CXX executable usb_cam_node_exe[0m
[1.416s] [35m[1mConsolidate compiler generated dependencies of target test_usb_cam_utils[0m
[1.416s] [35m[1mConsolidate compiler generated dependencies of target test_pixel_formats[0m
[1.416s] [35m[1mConsolidate compiler generated dependencies of target usb_cam_node[0m
[1.455s] [ 64%] Built target test_pixel_formats
[1.456s] [ 78%] Built target test_usb_cam_utils
[1.461s] [ 85%] [32m[1mLinking CXX shared library libusb_cam_node.so[0m
[1.552s] [ 92%] Built target usb_cam_node_exe
[1.877s] [100%] Built target usb_cam_node
[1.893s] Invoked command in '/home/ros2/ros2_ws/build/usb_cam' returned '0': CMAKE_PREFIX_PATH=${CMAKE_PREFIX_PATH}:/home/ros2/ros2_ws/install/camera_subscriber:/opt/ros/humble /usr/bin/cmake --build /home/ros2/ros2_ws/build/usb_cam -- -j4 -l4
[1.993s] Invoking command in '/home/ros2/ros2_ws/build/usb_cam': CMAKE_PREFIX_PATH=${CMAKE_PREFIX_PATH}:/home/ros2/ros2_ws/install/camera_subscriber:/opt/ros/humble /usr/bin/cmake --install /home/ros2/ros2_ws/build/usb_cam
[2.006s] -- Install configuration: ""
[2.006s] -- Execute custom install script
[2.007s] -- Symlinking: /home/ros2/ros2_ws/install/usb_cam/share/usb_cam/environment/library_path.sh
[2.017s] -- Symlinking: /home/ros2/ros2_ws/install/usb_cam/share/usb_cam/environment/library_path.dsv
[2.028s] -- Symlinking: /home/ros2/ros2_ws/install/usb_cam/lib/usb_cam/usb_cam_node_exe
[2.038s] -- Symlinking: /home/ros2/ros2_ws/install/usb_cam/lib/usb_cam/show_image.py
[2.049s] -- Symlinking: /home/ros2/ros2_ws/install/usb_cam/lib/libusb_cam.so
[2.059s] -- Symlinking: /home/ros2/ros2_ws/install/usb_cam/lib/libusb_cam_node.so
[2.072s] -- Symlinking: /home/ros2/ros2_ws/install/usb_cam/include/usb_cam/constants.hpp
[2.092s] -- Symlinking: /home/ros2/ros2_ws/install/usb_cam/include/usb_cam/conversions.hpp
[2.107s] -- Symlinking: /home/ros2/ros2_ws/install/usb_cam/include/usb_cam/formats/av_pixel_format_helper.hpp
[2.122s] -- Symlinking: /home/ros2/ros2_ws/install/usb_cam/include/usb_cam/formats/m420.hpp
[2.135s] -- Symlinking: /home/ros2/ros2_ws/install/usb_cam/include/usb_cam/formats/mjpeg.hpp
[2.147s] -- Symlinking: /home/ros2/ros2_ws/install/usb_cam/include/usb_cam/formats/mono.hpp
[2.157s] -- Symlinking: /home/ros2/ros2_ws/install/usb_cam/include/usb_cam/formats/pixel_format_base.hpp
[2.168s] -- Symlinking: /home/ros2/ros2_ws/install/usb_cam/include/usb_cam/formats/rgb.hpp
[2.179s] -- Symlinking: /home/ros2/ros2_ws/install/usb_cam/include/usb_cam/formats/utils.hpp
[2.192s] -- Symlinking: /home/ros2/ros2_ws/install/usb_cam/include/usb_cam/formats/uyvy.hpp
[2.203s] -- Symlinking: /home/ros2/ros2_ws/install/usb_cam/include/usb_cam/formats/yuyv.hpp
[2.214s] -- Symlinking: /home/ros2/ros2_ws/install/usb_cam/include/usb_cam/usb_cam.hpp
[2.224s] -- Symlinking: /home/ros2/ros2_ws/install/usb_cam/include/usb_cam/usb_cam_node.hpp
[2.235s] -- Symlinking: /home/ros2/ros2_ws/install/usb_cam/include/usb_cam/utils.hpp
[2.245s] -- Up-to-date symlink: /home/ros2/ros2_ws/install/usb_cam/lib/libusb_cam_node.so
[2.246s] -- Symlinking: /home/ros2/ros2_ws/install/usb_cam/share/usb_cam/launch/__init__.py
[2.256s] -- Symlinking: /home/ros2/ros2_ws/install/usb_cam/share/usb_cam/launch/camera.launch.py
[2.267s] -- Symlinking: /home/ros2/ros2_ws/install/usb_cam/share/usb_cam/launch/camera_config.py
[2.277s] -- Symlinking: /home/ros2/ros2_ws/install/usb_cam/share/usb_cam/config/camera_info.yaml
[2.287s] -- Symlinking: /home/ros2/ros2_ws/install/usb_cam/share/usb_cam/config/params_1.yaml
[2.298s] -- Symlinking: /home/ros2/ros2_ws/install/usb_cam/share/usb_cam/config/params_2.yaml
[2.309s] -- Symlinking: /home/ros2/ros2_ws/install/usb_cam/share/ament_index/resource_index/package_run_dependencies/usb_cam
[2.321s] -- Symlinking: /home/ros2/ros2_ws/install/usb_cam/share/ament_index/resource_index/parent_prefix_path/usb_cam
[2.331s] -- Symlinking: /home/ros2/ros2_ws/install/usb_cam/share/usb_cam/environment/ament_prefix_path.sh
[2.341s] -- Symlinking: /home/ros2/ros2_ws/install/usb_cam/share/usb_cam/environment/ament_prefix_path.dsv
[2.353s] -- Symlinking: /home/ros2/ros2_ws/install/usb_cam/share/usb_cam/environment/path.sh
[2.363s] -- Symlinking: /home/ros2/ros2_ws/install/usb_cam/share/usb_cam/environment/path.dsv
[2.374s] -- Symlinking: /home/ros2/ros2_ws/install/usb_cam/share/usb_cam/local_setup.bash
[2.386s] -- Symlinking: /home/ros2/ros2_ws/install/usb_cam/share/usb_cam/local_setup.sh
[2.402s] -- Symlinking: /home/ros2/ros2_ws/install/usb_cam/share/usb_cam/local_setup.zsh
[2.413s] -- Symlinking: /home/ros2/ros2_ws/install/usb_cam/share/usb_cam/local_setup.dsv
[2.429s] -- Symlinking: /home/ros2/ros2_ws/install/usb_cam/share/usb_cam/package.dsv
[2.439s] -- Symlinking: /home/ros2/ros2_ws/install/usb_cam/share/ament_index/resource_index/packages/usb_cam
[2.450s] -- Symlinking: /home/ros2/ros2_ws/install/usb_cam/share/ament_index/resource_index/rclcpp_components/usb_cam
[2.462s] -- Symlinking: /home/ros2/ros2_ws/install/usb_cam/share/usb_cam/cmake/ament_cmake_export_libraries-extras.cmake
[2.472s] -- Symlinking: /home/ros2/ros2_ws/install/usb_cam/share/usb_cam/cmake/ament_cmake_export_dependencies-extras.cmake
[2.483s] -- Symlinking: /home/ros2/ros2_ws/install/usb_cam/share/usb_cam/cmake/ament_cmake_export_include_directories-extras.cmake
[2.499s] -- Symlinking: /home/ros2/ros2_ws/install/usb_cam/share/usb_cam/cmake/usb_camConfig.cmake
[2.510s] -- Symlinking: /home/ros2/ros2_ws/install/usb_cam/share/usb_cam/cmake/usb_camConfig-version.cmake
[2.520s] -- Symlinking: /home/ros2/ros2_ws/install/usb_cam/share/usb_cam/package.xml
[2.534s] Invoked command in '/home/ros2/ros2_ws/build/usb_cam' returned '0': CMAKE_PREFIX_PATH=${CMAKE_PREFIX_PATH}:/home/ros2/ros2_ws/install/camera_subscriber:/opt/ros/humble /usr/bin/cmake --install /home/ros2/ros2_ws/build/usb_cam
