[0.446s] Invoking command in '/home/ros2/ros2_ws/build/usb_cam': CMAKE_PREFIX_PATH=${CMAKE_PREFIX_PATH}:/home/ros2/ros2_ws/install/camera_subscriber:/opt/ros/humble /usr/bin/cmake --build /home/ros2/ros2_ws/build/usb_cam -- -j4 -l4
[0.540s] [ 14%] Built target usb_cam
[0.542s] [ 28%] Built target usb_cam_node_exe
[0.551s] [ 42%] Built target gtest
[0.553s] [ 57%] Built target gtest_main
[0.594s] [ 71%] Built target test_usb_cam_utils
[0.601s] [100%] Built target test_pixel_formats
[0.601s] [100%] Built target usb_cam_node
[0.619s] Invoked command in '/home/ros2/ros2_ws/build/usb_cam' returned '0': CMAKE_PREFIX_PATH=${CMAKE_PREFIX_PATH}:/home/ros2/ros2_ws/install/camera_subscriber:/opt/ros/humble /usr/bin/cmake --build /home/ros2/ros2_ws/build/usb_cam -- -j4 -l4
[0.743s] Invoking command in '/home/ros2/ros2_ws/build/usb_cam': CMAKE_PREFIX_PATH=${CMAKE_PREFIX_PATH}:/home/ros2/ros2_ws/install/camera_subscriber:/opt/ros/humble /usr/bin/cmake --install /home/ros2/ros2_ws/build/usb_cam
[0.756s] -- Install configuration: ""
[0.758s] -- Execute custom install script
[0.759s] -- Up-to-date symlink: /home/ros2/ros2_ws/install/usb_cam/share/usb_cam/environment/library_path.sh
[0.759s] -- Up-to-date symlink: /home/ros2/ros2_ws/install/usb_cam/share/usb_cam/environment/library_path.dsv
[0.760s] -- Up-to-date symlink: /home/ros2/ros2_ws/install/usb_cam/lib/usb_cam/usb_cam_node_exe
[0.761s] -- Up-to-date symlink: /home/ros2/ros2_ws/install/usb_cam/lib/usb_cam/show_image.py
[0.761s] -- Up-to-date symlink: /home/ros2/ros2_ws/install/usb_cam/lib/libusb_cam.so
[0.762s] -- Up-to-date symlink: /home/ros2/ros2_ws/install/usb_cam/lib/libusb_cam_node.so
[0.763s] -- Up-to-date symlink: /home/ros2/ros2_ws/install/usb_cam/include/usb_cam/constants.hpp
[0.764s] -- Up-to-date symlink: /home/ros2/ros2_ws/install/usb_cam/include/usb_cam/conversions.hpp
[0.764s] -- Up-to-date symlink: /home/ros2/ros2_ws/install/usb_cam/include/usb_cam/formats/av_pixel_format_helper.hpp
[0.765s] -- Up-to-date symlink: /home/ros2/ros2_ws/install/usb_cam/include/usb_cam/formats/m420.hpp
[0.766s] -- Up-to-date symlink: /home/ros2/ros2_ws/install/usb_cam/include/usb_cam/formats/mjpeg.hpp
[0.767s] -- Up-to-date symlink: /home/ros2/ros2_ws/install/usb_cam/include/usb_cam/formats/mono.hpp
[0.768s] -- Up-to-date symlink: /home/ros2/ros2_ws/install/usb_cam/include/usb_cam/formats/pixel_format_base.hpp
[0.768s] -- Up-to-date symlink: /home/ros2/ros2_ws/install/usb_cam/include/usb_cam/formats/rgb.hpp
[0.769s] -- Up-to-date symlink: /home/ros2/ros2_ws/install/usb_cam/include/usb_cam/formats/utils.hpp
[0.769s] -- Up-to-date symlink: /home/ros2/ros2_ws/install/usb_cam/include/usb_cam/formats/uyvy.hpp
[0.769s] -- Up-to-date symlink: /home/ros2/ros2_ws/install/usb_cam/include/usb_cam/formats/yuyv.hpp
[0.770s] -- Up-to-date symlink: /home/ros2/ros2_ws/install/usb_cam/include/usb_cam/usb_cam.hpp
[0.770s] -- Up-to-date symlink: /home/ros2/ros2_ws/install/usb_cam/include/usb_cam/usb_cam_node.hpp
[0.772s] -- Up-to-date symlink: /home/ros2/ros2_ws/install/usb_cam/include/usb_cam/utils.hpp
[0.772s] -- Up-to-date symlink: /home/ros2/ros2_ws/install/usb_cam/lib/libusb_cam_node.so
[0.772s] -- Up-to-date symlink: /home/ros2/ros2_ws/install/usb_cam/share/usb_cam/launch/__init__.py
[0.779s] -- Up-to-date symlink: /home/ros2/ros2_ws/install/usb_cam/share/usb_cam/launch/camera.launch.py
[0.780s] -- Up-to-date symlink: /home/ros2/ros2_ws/install/usb_cam/share/usb_cam/launch/camera_config.py
[0.780s] -- Up-to-date symlink: /home/ros2/ros2_ws/install/usb_cam/share/usb_cam/config/camera_info.yaml
[0.781s] -- Up-to-date symlink: /home/ros2/ros2_ws/install/usb_cam/share/usb_cam/config/params_1.yaml
[0.781s] -- Up-to-date symlink: /home/ros2/ros2_ws/install/usb_cam/share/usb_cam/config/params_2.yaml
[0.781s] -- Up-to-date symlink: /home/ros2/ros2_ws/install/usb_cam/share/ament_index/resource_index/package_run_dependencies/usb_cam
[0.782s] -- Up-to-date symlink: /home/ros2/ros2_ws/install/usb_cam/share/ament_index/resource_index/parent_prefix_path/usb_cam
[0.782s] -- Up-to-date symlink: /home/ros2/ros2_ws/install/usb_cam/share/usb_cam/environment/ament_prefix_path.sh
[0.783s] -- Up-to-date symlink: /home/ros2/ros2_ws/install/usb_cam/share/usb_cam/environment/ament_prefix_path.dsv
[0.783s] -- Up-to-date symlink: /home/ros2/ros2_ws/install/usb_cam/share/usb_cam/environment/path.sh
[0.783s] -- Up-to-date symlink: /home/ros2/ros2_ws/install/usb_cam/share/usb_cam/environment/path.dsv
[0.784s] -- Up-to-date symlink: /home/ros2/ros2_ws/install/usb_cam/share/usb_cam/local_setup.bash
[0.784s] -- Up-to-date symlink: /home/ros2/ros2_ws/install/usb_cam/share/usb_cam/local_setup.sh
[0.784s] -- Up-to-date symlink: /home/ros2/ros2_ws/install/usb_cam/share/usb_cam/local_setup.zsh
[0.784s] -- Up-to-date symlink: /home/ros2/ros2_ws/install/usb_cam/share/usb_cam/local_setup.dsv
[0.784s] -- Symlinking: /home/ros2/ros2_ws/install/usb_cam/share/usb_cam/package.dsv
[0.795s] -- Up-to-date symlink: /home/ros2/ros2_ws/install/usb_cam/share/ament_index/resource_index/packages/usb_cam
[0.796s] -- Up-to-date symlink: /home/ros2/ros2_ws/install/usb_cam/share/ament_index/resource_index/rclcpp_components/usb_cam
[0.796s] -- Up-to-date symlink: /home/ros2/ros2_ws/install/usb_cam/share/usb_cam/cmake/ament_cmake_export_libraries-extras.cmake
[0.797s] -- Up-to-date symlink: /home/ros2/ros2_ws/install/usb_cam/share/usb_cam/cmake/ament_cmake_export_dependencies-extras.cmake
[0.797s] -- Up-to-date symlink: /home/ros2/ros2_ws/install/usb_cam/share/usb_cam/cmake/ament_cmake_export_include_directories-extras.cmake
[0.798s] -- Up-to-date symlink: /home/ros2/ros2_ws/install/usb_cam/share/usb_cam/cmake/usb_camConfig.cmake
[0.798s] -- Up-to-date symlink: /home/ros2/ros2_ws/install/usb_cam/share/usb_cam/cmake/usb_camConfig-version.cmake
[0.798s] -- Up-to-date symlink: /home/ros2/ros2_ws/install/usb_cam/share/usb_cam/package.xml
[0.803s] Invoked command in '/home/ros2/ros2_ws/build/usb_cam' returned '0': CMAKE_PREFIX_PATH=${CMAKE_PREFIX_PATH}:/home/ros2/ros2_ws/install/camera_subscriber:/opt/ros/humble /usr/bin/cmake --install /home/ros2/ros2_ws/build/usb_cam
