[1.182s] DEBUG:colcon:Command line arguments: ['/usr/bin/colcon', 'build']
[1.182s] DEBUG:colcon:Parsed command line arguments: Namespace(log_base=None, log_level=None, verb_name='build', build_base='build', install_base='install', merge_install=False, symlink_install=False, test_result_base=None, continue_on_error=False, executor='parallel', parallel_workers=4, event_handlers=None, ignore_user_meta=False, metas=['./colcon.meta'], base_paths=['.'], packages_ignore=None, packages_ignore_regex=None, paths=None, packages_up_to=None, packages_up_to_regex=None, packages_above=None, packages_above_and_dependencies=None, packages_above_depth=None, packages_select_by_dep=None, packages_skip_by_dep=None, packages_skip_up_to=None, packages_select_build_failed=False, packages_skip_build_finished=False, packages_select_test_failures=False, packages_skip_test_passed=False, packages_select=None, packages_skip=None, packages_select_regex=None, packages_skip_regex=None, packages_start=None, packages_end=None, allow_overriding=[], cmake_args=None, cmake_target=None, cmake_target_skip_unavailable=False, cmake_clean_cache=False, cmake_clean_first=False, cmake_force_configure=False, ament_cmake_args=None, catkin_cmake_args=None, catkin_skip_building_tests=False, verb_parser=<colcon_defaults.argument_parser.defaults.DefaultArgumentsDecorator object at 0x7f1ed28ae620>, verb_extension=<colcon_core.verb.build.BuildVerb object at 0x7f1ed28acdc0>, main=<bound method BuildVerb.main of <colcon_core.verb.build.BuildVerb object at 0x7f1ed28acdc0>>)
[1.241s] Level 1:colcon.colcon_core.package_discovery:discover_packages(colcon_meta) check parameters
[1.242s] Level 1:colcon.colcon_core.package_discovery:discover_packages(recursive) check parameters
[1.242s] Level 1:colcon.colcon_core.package_discovery:discover_packages(ignore) check parameters
[1.242s] Level 1:colcon.colcon_core.package_discovery:discover_packages(path) check parameters
[1.242s] Level 1:colcon.colcon_core.package_discovery:discover_packages(colcon_meta) discover
[1.242s] Level 1:colcon.colcon_core.package_discovery:discover_packages(recursive) discover
[1.242s] INFO:colcon.colcon_core.package_discovery:Crawling recursively for packages in '/home/ros2/ros2_ws'
[1.242s] Level 1:colcon.colcon_core.package_identification:_identify(.) by extensions ['ignore', 'ignore_ament_install']
[1.242s] Level 1:colcon.colcon_core.package_identification:_identify(.) by extension 'ignore'
[1.242s] Level 1:colcon.colcon_core.package_identification:_identify(.) by extension 'ignore_ament_install'
[1.242s] Level 1:colcon.colcon_core.package_identification:_identify(.) by extensions ['colcon_pkg']
[1.242s] Level 1:colcon.colcon_core.package_identification:_identify(.) by extension 'colcon_pkg'
[1.242s] Level 1:colcon.colcon_core.package_identification:_identify(.) by extensions ['colcon_meta']
[1.242s] Level 1:colcon.colcon_core.package_identification:_identify(.) by extension 'colcon_meta'
[1.242s] Level 1:colcon.colcon_core.package_identification:_identify(.) by extensions ['ros']
[1.242s] Level 1:colcon.colcon_core.package_identification:_identify(.) by extension 'ros'
[1.257s] Level 1:colcon.colcon_core.package_identification:_identify(.) by extensions ['cmake', 'python']
[1.257s] Level 1:colcon.colcon_core.package_identification:_identify(.) by extension 'cmake'
[1.257s] Level 1:colcon.colcon_core.package_identification:_identify(.) by extension 'python'
[1.257s] Level 1:colcon.colcon_core.package_identification:_identify(.) by extensions ['python_setup_py']
[1.257s] Level 1:colcon.colcon_core.package_identification:_identify(.) by extension 'python_setup_py'
[1.257s] Level 1:colcon.colcon_core.package_identification:_identify(build) by extensions ['ignore', 'ignore_ament_install']
[1.257s] Level 1:colcon.colcon_core.package_identification:_identify(build) by extension 'ignore'
[1.257s] Level 1:colcon.colcon_core.package_identification:_identify(build) ignored
[1.257s] Level 1:colcon.colcon_core.package_identification:_identify(install) by extensions ['ignore', 'ignore_ament_install']
[1.258s] Level 1:colcon.colcon_core.package_identification:_identify(install) by extension 'ignore'
[1.258s] Level 1:colcon.colcon_core.package_identification:_identify(install) ignored
[1.258s] Level 1:colcon.colcon_core.package_identification:_identify(log) by extensions ['ignore', 'ignore_ament_install']
[1.258s] Level 1:colcon.colcon_core.package_identification:_identify(log) by extension 'ignore'
[1.258s] Level 1:colcon.colcon_core.package_identification:_identify(log) ignored
[1.258s] Level 1:colcon.colcon_core.package_identification:_identify(src) by extensions ['ignore', 'ignore_ament_install']
[1.258s] Level 1:colcon.colcon_core.package_identification:_identify(src) by extension 'ignore'
[1.258s] Level 1:colcon.colcon_core.package_identification:_identify(src) by extension 'ignore_ament_install'
[1.258s] Level 1:colcon.colcon_core.package_identification:_identify(src) by extensions ['colcon_pkg']
[1.258s] Level 1:colcon.colcon_core.package_identification:_identify(src) by extension 'colcon_pkg'
[1.258s] Level 1:colcon.colcon_core.package_identification:_identify(src) by extensions ['colcon_meta']
[1.258s] Level 1:colcon.colcon_core.package_identification:_identify(src) by extension 'colcon_meta'
[1.258s] Level 1:colcon.colcon_core.package_identification:_identify(src) by extensions ['ros']
[1.258s] Level 1:colcon.colcon_core.package_identification:_identify(src) by extension 'ros'
[1.258s] Level 1:colcon.colcon_core.package_identification:_identify(src) by extensions ['cmake', 'python']
[1.259s] Level 1:colcon.colcon_core.package_identification:_identify(src) by extension 'cmake'
[1.259s] Level 1:colcon.colcon_core.package_identification:_identify(src) by extension 'python'
[1.259s] Level 1:colcon.colcon_core.package_identification:_identify(src) by extensions ['python_setup_py']
[1.259s] Level 1:colcon.colcon_core.package_identification:_identify(src) by extension 'python_setup_py'
[1.259s] Level 1:colcon.colcon_core.package_identification:_identify(src/camera_subscriber) by extensions ['ignore', 'ignore_ament_install']
[1.259s] Level 1:colcon.colcon_core.package_identification:_identify(src/camera_subscriber) by extension 'ignore'
[1.259s] Level 1:colcon.colcon_core.package_identification:_identify(src/camera_subscriber) by extension 'ignore_ament_install'
[1.259s] Level 1:colcon.colcon_core.package_identification:_identify(src/camera_subscriber) by extensions ['colcon_pkg']
[1.259s] Level 1:colcon.colcon_core.package_identification:_identify(src/camera_subscriber) by extension 'colcon_pkg'
[1.259s] Level 1:colcon.colcon_core.package_identification:_identify(src/camera_subscriber) by extensions ['colcon_meta']
[1.259s] Level 1:colcon.colcon_core.package_identification:_identify(src/camera_subscriber) by extension 'colcon_meta'
[1.259s] Level 1:colcon.colcon_core.package_identification:_identify(src/camera_subscriber) by extensions ['ros']
[1.259s] Level 1:colcon.colcon_core.package_identification:_identify(src/camera_subscriber) by extension 'ros'
[1.264s] DEBUG:colcon.colcon_core.package_identification:Package 'src/camera_subscriber' with type 'ros.ament_python' and name 'camera_subscriber'
[1.264s] Level 1:colcon.colcon_core.package_identification:_identify(src/usb_cam) by extensions ['ignore', 'ignore_ament_install']
[1.264s] Level 1:colcon.colcon_core.package_identification:_identify(src/usb_cam) by extension 'ignore'
[1.264s] Level 1:colcon.colcon_core.package_identification:_identify(src/usb_cam) by extension 'ignore_ament_install'
[1.264s] Level 1:colcon.colcon_core.package_identification:_identify(src/usb_cam) by extensions ['colcon_pkg']
[1.264s] Level 1:colcon.colcon_core.package_identification:_identify(src/usb_cam) by extension 'colcon_pkg'
[1.264s] Level 1:colcon.colcon_core.package_identification:_identify(src/usb_cam) by extensions ['colcon_meta']
[1.265s] Level 1:colcon.colcon_core.package_identification:_identify(src/usb_cam) by extension 'colcon_meta'
[1.265s] Level 1:colcon.colcon_core.package_identification:_identify(src/usb_cam) by extensions ['ros']
[1.265s] Level 1:colcon.colcon_core.package_identification:_identify(src/usb_cam) by extension 'ros'
[1.272s] DEBUG:colcon.colcon_core.package_identification:Package 'src/usb_cam' with type 'ros.ament_cmake' and name 'usb_cam'
[1.272s] Level 1:colcon.colcon_core.package_discovery:discover_packages(recursive) using defaults
[1.272s] Level 1:colcon.colcon_core.package_discovery:discover_packages(ignore) discover
[1.272s] Level 1:colcon.colcon_core.package_discovery:discover_packages(ignore) using defaults
[1.272s] Level 1:colcon.colcon_core.package_discovery:discover_packages(path) discover
[1.272s] Level 1:colcon.colcon_core.package_discovery:discover_packages(path) using defaults
[1.381s] Level 1:colcon.colcon_core.package_discovery:discover_packages(prefix_path) check parameters
[1.381s] Level 1:colcon.colcon_core.package_discovery:discover_packages(prefix_path) discover
[1.414s] DEBUG:colcon.colcon_installed_package_information.package_discovery:Found 2 installed packages in /home/ros2/ros2_ws/install
[1.432s] DEBUG:colcon.colcon_installed_package_information.package_discovery:Found 276 installed packages in /opt/ros/humble
[1.434s] Level 1:colcon.colcon_core.package_discovery:discover_packages(prefix_path) using defaults
[1.544s] Level 5:colcon.colcon_core.verb:set package 'camera_subscriber' build argument 'cmake_args' from command line to 'None'
[1.544s] Level 5:colcon.colcon_core.verb:set package 'camera_subscriber' build argument 'cmake_target' from command line to 'None'
[1.544s] Level 5:colcon.colcon_core.verb:set package 'camera_subscriber' build argument 'cmake_target_skip_unavailable' from command line to 'False'
[1.544s] Level 5:colcon.colcon_core.verb:set package 'camera_subscriber' build argument 'cmake_clean_cache' from command line to 'False'
[1.544s] Level 5:colcon.colcon_core.verb:set package 'camera_subscriber' build argument 'cmake_clean_first' from command line to 'False'
[1.544s] Level 5:colcon.colcon_core.verb:set package 'camera_subscriber' build argument 'cmake_force_configure' from command line to 'False'
[1.544s] Level 5:colcon.colcon_core.verb:set package 'camera_subscriber' build argument 'ament_cmake_args' from command line to 'None'
[1.544s] Level 5:colcon.colcon_core.verb:set package 'camera_subscriber' build argument 'catkin_cmake_args' from command line to 'None'
[1.544s] Level 5:colcon.colcon_core.verb:set package 'camera_subscriber' build argument 'catkin_skip_building_tests' from command line to 'False'
[1.544s] DEBUG:colcon.colcon_core.verb:Building package 'camera_subscriber' with the following arguments: {'ament_cmake_args': None, 'build_base': '/home/ros2/ros2_ws/build/camera_subscriber', 'catkin_cmake_args': None, 'catkin_skip_building_tests': False, 'cmake_args': None, 'cmake_clean_cache': False, 'cmake_clean_first': False, 'cmake_force_configure': False, 'cmake_target': None, 'cmake_target_skip_unavailable': False, 'install_base': '/home/ros2/ros2_ws/install/camera_subscriber', 'merge_install': False, 'path': '/home/ros2/ros2_ws/src/camera_subscriber', 'symlink_install': False, 'test_result_base': None}
[1.562s] Level 5:colcon.colcon_core.verb:set package 'usb_cam' build argument 'cmake_args' from command line to 'None'
[1.563s] Level 5:colcon.colcon_core.verb:set package 'usb_cam' build argument 'cmake_target' from command line to 'None'
[1.563s] Level 5:colcon.colcon_core.verb:set package 'usb_cam' build argument 'cmake_target_skip_unavailable' from command line to 'False'
[1.563s] Level 5:colcon.colcon_core.verb:set package 'usb_cam' build argument 'cmake_clean_cache' from command line to 'False'
[1.563s] Level 5:colcon.colcon_core.verb:set package 'usb_cam' build argument 'cmake_clean_first' from command line to 'False'
[1.563s] Level 5:colcon.colcon_core.verb:set package 'usb_cam' build argument 'cmake_force_configure' from command line to 'False'
[1.563s] Level 5:colcon.colcon_core.verb:set package 'usb_cam' build argument 'ament_cmake_args' from command line to 'None'
[1.563s] Level 5:colcon.colcon_core.verb:set package 'usb_cam' build argument 'catkin_cmake_args' from command line to 'None'
[1.563s] Level 5:colcon.colcon_core.verb:set package 'usb_cam' build argument 'catkin_skip_building_tests' from command line to 'False'
[1.563s] DEBUG:colcon.colcon_core.verb:Building package 'usb_cam' with the following arguments: {'ament_cmake_args': None, 'build_base': '/home/ros2/ros2_ws/build/usb_cam', 'catkin_cmake_args': None, 'catkin_skip_building_tests': False, 'cmake_args': None, 'cmake_clean_cache': False, 'cmake_clean_first': False, 'cmake_force_configure': False, 'cmake_target': None, 'cmake_target_skip_unavailable': False, 'install_base': '/home/ros2/ros2_ws/install/usb_cam', 'merge_install': False, 'path': '/home/ros2/ros2_ws/src/usb_cam', 'symlink_install': False, 'test_result_base': None}
[1.579s] INFO:colcon.colcon_core.executor:Executing jobs using 'parallel' executor
[1.596s] DEBUG:colcon.colcon_parallel_executor.executor.parallel:run_until_complete
[1.597s] INFO:colcon.colcon_ros.task.ament_python.build:Building ROS package in '/home/ros2/ros2_ws/src/camera_subscriber' with build type 'ament_python'
[1.597s] Level 1:colcon.colcon_core.shell:create_environment_hook('camera_subscriber', 'ament_prefix_path')
[1.622s] INFO:colcon.colcon_core.plugin_system:Skipping extension 'colcon_core.shell.bat': Not used on non-Windows systems
[1.622s] INFO:colcon.colcon_core.shell:Creating environment hook '/home/ros2/ros2_ws/install/camera_subscriber/share/camera_subscriber/hook/ament_prefix_path.ps1'
[1.624s] INFO:colcon.colcon_core.shell:Creating environment descriptor '/home/ros2/ros2_ws/install/camera_subscriber/share/camera_subscriber/hook/ament_prefix_path.dsv'
[1.625s] INFO:colcon.colcon_core.shell:Creating environment hook '/home/ros2/ros2_ws/install/camera_subscriber/share/camera_subscriber/hook/ament_prefix_path.sh'
[1.646s] INFO:colcon.colcon_core.shell:Skip shell extension 'powershell' for command environment: Not usable outside of PowerShell
[1.646s] DEBUG:colcon.colcon_core.shell:Skip shell extension 'dsv' for command environment
[1.705s] INFO:colcon.colcon_ros.task.ament_cmake.build:Building ROS package in '/home/ros2/ros2_ws/src/usb_cam' with build type 'ament_cmake'
[1.705s] INFO:colcon.colcon_cmake.task.cmake.build:Building CMake package in '/home/ros2/ros2_ws/src/usb_cam'
[1.731s] INFO:colcon.colcon_core.shell:Skip shell extension 'powershell' for command environment: Not usable outside of PowerShell
[1.731s] DEBUG:colcon.colcon_core.shell:Skip shell extension 'dsv' for command environment
[2.167s] INFO:colcon.colcon_core.task.python.build:Building Python package in '/home/ros2/ros2_ws/src/camera_subscriber'
[2.184s] INFO:colcon.colcon_core.shell:Skip shell extension 'powershell' for command environment: Not usable outside of PowerShell
[2.184s] DEBUG:colcon.colcon_core.shell:Skip shell extension 'dsv' for command environment
[2.252s] DEBUG:colcon.colcon_core.event_handler.log_command:Invoking command in '/home/ros2/ros2_ws/build/usb_cam': CMAKE_PREFIX_PATH=${CMAKE_PREFIX_PATH}:/home/ros2/ros2_ws/install/camera_subscriber:/opt/ros/humble /usr/bin/cmake --build /home/ros2/ros2_ws/build/usb_cam -- -j4 -l4
[2.501s] DEBUG:colcon.colcon_core.event_handler.log_command:Invoked command in '/home/ros2/ros2_ws/build/usb_cam' returned '0': CMAKE_PREFIX_PATH=${CMAKE_PREFIX_PATH}:/home/ros2/ros2_ws/install/camera_subscriber:/opt/ros/humble /usr/bin/cmake --build /home/ros2/ros2_ws/build/usb_cam -- -j4 -l4
[2.637s] DEBUG:colcon.colcon_core.event_handler.log_command:Invoking command in '/home/ros2/ros2_ws/build/usb_cam': CMAKE_PREFIX_PATH=${CMAKE_PREFIX_PATH}:/home/ros2/ros2_ws/install/camera_subscriber:/opt/ros/humble /usr/bin/cmake --install /home/ros2/ros2_ws/build/usb_cam
[2.696s] Level 1:colcon.colcon_core.environment:create_environment_scripts_only(usb_cam)
[2.716s] Level 1:colcon.colcon_core.environment:checking '/home/ros2/ros2_ws/install/usb_cam' for CMake module files
[2.717s] Level 1:colcon.colcon_core.environment:checking '/home/ros2/ros2_ws/install/usb_cam' for CMake config files
[2.717s] Level 1:colcon.colcon_core.shell:create_environment_hook('usb_cam', 'cmake_prefix_path')
[2.734s] INFO:colcon.colcon_core.shell:Creating environment hook '/home/ros2/ros2_ws/install/usb_cam/share/usb_cam/hook/cmake_prefix_path.ps1'
[2.738s] DEBUG:colcon.colcon_core.event_handler.log_command:Invoked command in '/home/ros2/ros2_ws/build/usb_cam' returned '0': CMAKE_PREFIX_PATH=${CMAKE_PREFIX_PATH}:/home/ros2/ros2_ws/install/camera_subscriber:/opt/ros/humble /usr/bin/cmake --install /home/ros2/ros2_ws/build/usb_cam
[2.738s] INFO:colcon.colcon_core.shell:Creating environment descriptor '/home/ros2/ros2_ws/install/usb_cam/share/usb_cam/hook/cmake_prefix_path.dsv'
[2.739s] INFO:colcon.colcon_core.shell:Creating environment hook '/home/ros2/ros2_ws/install/usb_cam/share/usb_cam/hook/cmake_prefix_path.sh'
[2.740s] Level 1:colcon.colcon_core.environment:checking '/home/ros2/ros2_ws/install/usb_cam/lib'
[2.740s] Level 1:colcon.colcon_core.shell:create_environment_hook('usb_cam', 'ld_library_path_lib')
[2.758s] INFO:colcon.colcon_core.shell:Creating environment hook '/home/ros2/ros2_ws/install/usb_cam/share/usb_cam/hook/ld_library_path_lib.ps1'
[2.759s] INFO:colcon.colcon_core.shell:Creating environment descriptor '/home/ros2/ros2_ws/install/usb_cam/share/usb_cam/hook/ld_library_path_lib.dsv'
[2.760s] INFO:colcon.colcon_core.shell:Creating environment hook '/home/ros2/ros2_ws/install/usb_cam/share/usb_cam/hook/ld_library_path_lib.sh'
[2.761s] Level 1:colcon.colcon_core.environment:checking '/home/ros2/ros2_ws/install/usb_cam/bin'
[2.761s] Level 1:colcon.colcon_core.environment:checking '/home/ros2/ros2_ws/install/usb_cam/lib/pkgconfig/usb_cam.pc'
[2.761s] Level 1:colcon.colcon_core.environment:checking '/home/ros2/ros2_ws/install/usb_cam/lib/python3.10/site-packages'
[2.761s] Level 1:colcon.colcon_core.environment:checking '/home/ros2/ros2_ws/install/usb_cam/bin'
[2.793s] INFO:colcon.colcon_core.shell:Creating package script '/home/ros2/ros2_ws/install/usb_cam/share/usb_cam/package.ps1'
[2.795s] INFO:colcon.colcon_core.shell:Creating package descriptor '/home/ros2/ros2_ws/install/usb_cam/share/usb_cam/package.dsv'
[2.796s] INFO:colcon.colcon_core.shell:Creating package script '/home/ros2/ros2_ws/install/usb_cam/share/usb_cam/package.sh'
[2.798s] INFO:colcon.colcon_core.shell:Creating package script '/home/ros2/ros2_ws/install/usb_cam/share/usb_cam/package.bash'
[2.799s] INFO:colcon.colcon_core.shell:Creating package script '/home/ros2/ros2_ws/install/usb_cam/share/usb_cam/package.zsh'
[2.801s] Level 1:colcon.colcon_core.environment:create_file_with_runtime_dependencies(/home/ros2/ros2_ws/install/usb_cam/share/colcon-core/packages/usb_cam)
[2.810s] DEBUG:colcon.colcon_core.event_handler.log_command:Invoking command in '/home/ros2/ros2_ws/src/camera_subscriber': PYTHONPATH=/home/ros2/ros2_ws/build/camera_subscriber/prefix_override:/home/ros2/ros2_ws/install/camera_subscriber/lib/python3.10/site-packages:${PYTHONPATH} /usr/bin/python3 setup.py egg_info --egg-base ../../build/camera_subscriber build --build-base /home/ros2/ros2_ws/build/camera_subscriber/build install --record /home/ros2/ros2_ws/build/camera_subscriber/install.log --single-version-externally-managed
[2.933s] Level 1:colcon.colcon_core.environment:create_environment_scripts_only(usb_cam)
[2.949s] Level 1:colcon.colcon_core.environment:checking '/home/ros2/ros2_ws/install/usb_cam' for CMake module files
[2.950s] Level 1:colcon.colcon_core.environment:checking '/home/ros2/ros2_ws/install/usb_cam' for CMake config files
[2.950s] Level 1:colcon.colcon_core.shell:create_environment_hook('usb_cam', 'cmake_prefix_path')
[2.965s] INFO:colcon.colcon_core.shell:Creating environment hook '/home/ros2/ros2_ws/install/usb_cam/share/usb_cam/hook/cmake_prefix_path.ps1'
[2.966s] INFO:colcon.colcon_core.shell:Creating environment descriptor '/home/ros2/ros2_ws/install/usb_cam/share/usb_cam/hook/cmake_prefix_path.dsv'
[2.969s] INFO:colcon.colcon_core.shell:Creating environment hook '/home/ros2/ros2_ws/install/usb_cam/share/usb_cam/hook/cmake_prefix_path.sh'
[2.970s] Level 1:colcon.colcon_core.environment:checking '/home/ros2/ros2_ws/install/usb_cam/lib'
[2.970s] Level 1:colcon.colcon_core.shell:create_environment_hook('usb_cam', 'ld_library_path_lib')
[2.989s] INFO:colcon.colcon_core.shell:Creating environment hook '/home/ros2/ros2_ws/install/usb_cam/share/usb_cam/hook/ld_library_path_lib.ps1'
[2.990s] INFO:colcon.colcon_core.shell:Creating environment descriptor '/home/ros2/ros2_ws/install/usb_cam/share/usb_cam/hook/ld_library_path_lib.dsv'
[2.991s] INFO:colcon.colcon_core.shell:Creating environment hook '/home/ros2/ros2_ws/install/usb_cam/share/usb_cam/hook/ld_library_path_lib.sh'
[2.993s] Level 1:colcon.colcon_core.environment:checking '/home/ros2/ros2_ws/install/usb_cam/bin'
[2.993s] Level 1:colcon.colcon_core.environment:checking '/home/ros2/ros2_ws/install/usb_cam/lib/pkgconfig/usb_cam.pc'
[2.993s] Level 1:colcon.colcon_core.environment:checking '/home/ros2/ros2_ws/install/usb_cam/lib/python3.10/site-packages'
[2.994s] Level 1:colcon.colcon_core.environment:checking '/home/ros2/ros2_ws/install/usb_cam/bin'
[3.020s] INFO:colcon.colcon_core.shell:Creating package script '/home/ros2/ros2_ws/install/usb_cam/share/usb_cam/package.ps1'
[3.021s] INFO:colcon.colcon_core.shell:Creating package descriptor '/home/ros2/ros2_ws/install/usb_cam/share/usb_cam/package.dsv'
[3.022s] INFO:colcon.colcon_core.shell:Creating package script '/home/ros2/ros2_ws/install/usb_cam/share/usb_cam/package.sh'
[3.023s] INFO:colcon.colcon_core.shell:Creating package script '/home/ros2/ros2_ws/install/usb_cam/share/usb_cam/package.bash'
[3.024s] INFO:colcon.colcon_core.shell:Creating package script '/home/ros2/ros2_ws/install/usb_cam/share/usb_cam/package.zsh'
[3.025s] Level 1:colcon.colcon_core.environment:create_file_with_runtime_dependencies(/home/ros2/ros2_ws/install/usb_cam/share/colcon-core/packages/usb_cam)
[3.231s] DEBUG:colcon.colcon_core.event_handler.log_command:Invoked command in '/home/ros2/ros2_ws/src/camera_subscriber' returned '0': PYTHONPATH=/home/ros2/ros2_ws/build/camera_subscriber/prefix_override:/home/ros2/ros2_ws/install/camera_subscriber/lib/python3.10/site-packages:${PYTHONPATH} /usr/bin/python3 setup.py egg_info --egg-base ../../build/camera_subscriber build --build-base /home/ros2/ros2_ws/build/camera_subscriber/build install --record /home/ros2/ros2_ws/build/camera_subscriber/install.log --single-version-externally-managed
[3.255s] Level 1:colcon.colcon_core.environment:checking '/home/ros2/ros2_ws/install/camera_subscriber' for CMake module files
[3.256s] Level 1:colcon.colcon_core.environment:checking '/home/ros2/ros2_ws/install/camera_subscriber' for CMake config files
[3.257s] Level 1:colcon.colcon_core.environment:checking '/home/ros2/ros2_ws/install/camera_subscriber/lib'
[3.258s] Level 1:colcon.colcon_core.environment:checking '/home/ros2/ros2_ws/install/camera_subscriber/bin'
[3.258s] Level 1:colcon.colcon_core.environment:checking '/home/ros2/ros2_ws/install/camera_subscriber/lib/pkgconfig/camera_subscriber.pc'
[3.258s] Level 1:colcon.colcon_core.environment:checking '/home/ros2/ros2_ws/install/camera_subscriber/lib/python3.10/site-packages'
[3.258s] Level 1:colcon.colcon_core.shell:create_environment_hook('camera_subscriber', 'pythonpath')
[3.276s] INFO:colcon.colcon_core.shell:Creating environment hook '/home/ros2/ros2_ws/install/camera_subscriber/share/camera_subscriber/hook/pythonpath.ps1'
[3.278s] INFO:colcon.colcon_core.shell:Creating environment descriptor '/home/ros2/ros2_ws/install/camera_subscriber/share/camera_subscriber/hook/pythonpath.dsv'
[3.279s] INFO:colcon.colcon_core.shell:Creating environment hook '/home/ros2/ros2_ws/install/camera_subscriber/share/camera_subscriber/hook/pythonpath.sh'
[3.280s] Level 1:colcon.colcon_core.environment:checking '/home/ros2/ros2_ws/install/camera_subscriber/bin'
[3.280s] Level 1:colcon.colcon_core.environment:create_environment_scripts_only(camera_subscriber)
[3.297s] INFO:colcon.colcon_core.shell:Creating package script '/home/ros2/ros2_ws/install/camera_subscriber/share/camera_subscriber/package.ps1'
[3.298s] INFO:colcon.colcon_core.shell:Creating package descriptor '/home/ros2/ros2_ws/install/camera_subscriber/share/camera_subscriber/package.dsv'
[3.300s] INFO:colcon.colcon_core.shell:Creating package script '/home/ros2/ros2_ws/install/camera_subscriber/share/camera_subscriber/package.sh'
[3.301s] INFO:colcon.colcon_core.shell:Creating package script '/home/ros2/ros2_ws/install/camera_subscriber/share/camera_subscriber/package.bash'
[3.301s] INFO:colcon.colcon_core.shell:Creating package script '/home/ros2/ros2_ws/install/camera_subscriber/share/camera_subscriber/package.zsh'
[3.302s] Level 1:colcon.colcon_core.environment:create_file_with_runtime_dependencies(/home/ros2/ros2_ws/install/camera_subscriber/share/colcon-core/packages/camera_subscriber)
[3.304s] DEBUG:colcon.colcon_parallel_executor.executor.parallel:closing loop
[3.304s] DEBUG:colcon.colcon_parallel_executor.executor.parallel:loop closed
[3.304s] DEBUG:colcon.colcon_parallel_executor.executor.parallel:run_until_complete finished with '0'
[3.304s] DEBUG:colcon.colcon_core.event_reactor:joining thread
[3.327s] INFO:colcon.colcon_core.plugin_system:Skipping extension 'colcon_notification.desktop_notification.terminal_notifier': Not used on non-Darwin systems
[3.327s] INFO:colcon.colcon_core.plugin_system:Skipping extension 'colcon_notification.desktop_notification.win32': Not used on non-Windows systems
[3.327s] INFO:colcon.colcon_notification.desktop_notification:Sending desktop notification using 'notify2'
[3.367s] DEBUG:colcon.colcon_core.event_reactor:joined thread
[3.389s] INFO:colcon.colcon_core.shell:Creating prefix script '/home/ros2/ros2_ws/install/local_setup.ps1'
[3.391s] INFO:colcon.colcon_core.shell:Creating prefix util module '/home/ros2/ros2_ws/install/_local_setup_util_ps1.py'
[3.394s] INFO:colcon.colcon_core.shell:Creating prefix chain script '/home/ros2/ros2_ws/install/setup.ps1'
[3.419s] INFO:colcon.colcon_core.shell:Creating prefix script '/home/ros2/ros2_ws/install/local_setup.sh'
[3.420s] INFO:colcon.colcon_core.shell:Creating prefix util module '/home/ros2/ros2_ws/install/_local_setup_util_sh.py'
[3.421s] INFO:colcon.colcon_core.shell:Creating prefix chain script '/home/ros2/ros2_ws/install/setup.sh'
[3.444s] INFO:colcon.colcon_core.shell:Creating prefix script '/home/ros2/ros2_ws/install/local_setup.bash'
[3.445s] INFO:colcon.colcon_core.shell:Creating prefix chain script '/home/ros2/ros2_ws/install/setup.bash'
[3.469s] INFO:colcon.colcon_core.shell:Creating prefix script '/home/ros2/ros2_ws/install/local_setup.zsh'
[3.470s] INFO:colcon.colcon_core.shell:Creating prefix chain script '/home/ros2/ros2_ws/install/setup.zsh'
