[1.034s] DEBUG:colcon:Command line arguments: ['/usr/bin/colcon', 'build']
[1.034s] DEBUG:colcon:Parsed command line arguments: Namespace(log_base=None, log_level=None, verb_name='build', build_base='build', install_base='install', merge_install=False, symlink_install=False, test_result_base=None, continue_on_error=False, executor='parallel', parallel_workers=4, event_handlers=None, ignore_user_meta=False, metas=['./colcon.meta'], base_paths=['.'], packages_ignore=None, packages_ignore_regex=None, paths=None, packages_up_to=None, packages_up_to_regex=None, packages_above=None, packages_above_and_dependencies=None, packages_above_depth=None, packages_select_by_dep=None, packages_skip_by_dep=None, packages_skip_up_to=None, packages_select_build_failed=False, packages_skip_build_finished=False, packages_select_test_failures=False, packages_skip_test_passed=False, packages_select=None, packages_skip=None, packages_select_regex=None, packages_skip_regex=None, packages_start=None, packages_end=None, allow_overriding=[], cmake_args=None, cmake_target=None, cmake_target_skip_unavailable=False, cmake_clean_cache=False, cmake_clean_first=False, cmake_force_configure=False, ament_cmake_args=None, catkin_cmake_args=None, catkin_skip_building_tests=False, verb_parser=<colcon_defaults.argument_parser.defaults.DefaultArgumentsDecorator object at 0x7f0bdd19a6b0>, verb_extension=<colcon_core.verb.build.BuildVerb object at 0x7f0bdd198e20>, main=<bound method BuildVerb.main of <colcon_core.verb.build.BuildVerb object at 0x7f0bdd198e20>>)
[1.085s] Level 1:colcon.colcon_core.package_discovery:discover_packages(colcon_meta) check parameters
[1.085s] Level 1:colcon.colcon_core.package_discovery:discover_packages(recursive) check parameters
[1.085s] Level 1:colcon.colcon_core.package_discovery:discover_packages(ignore) check parameters
[1.085s] Level 1:colcon.colcon_core.package_discovery:discover_packages(path) check parameters
[1.085s] Level 1:colcon.colcon_core.package_discovery:discover_packages(colcon_meta) discover
[1.085s] Level 1:colcon.colcon_core.package_discovery:discover_packages(recursive) discover
[1.086s] INFO:colcon.colcon_core.package_discovery:Crawling recursively for packages in '/home/ros2/ros2_ws'
[1.086s] Level 1:colcon.colcon_core.package_identification:_identify(.) by extensions ['ignore', 'ignore_ament_install']
[1.086s] Level 1:colcon.colcon_core.package_identification:_identify(.) by extension 'ignore'
[1.086s] Level 1:colcon.colcon_core.package_identification:_identify(.) by extension 'ignore_ament_install'
[1.086s] Level 1:colcon.colcon_core.package_identification:_identify(.) by extensions ['colcon_pkg']
[1.086s] Level 1:colcon.colcon_core.package_identification:_identify(.) by extension 'colcon_pkg'
[1.086s] Level 1:colcon.colcon_core.package_identification:_identify(.) by extensions ['colcon_meta']
[1.086s] Level 1:colcon.colcon_core.package_identification:_identify(.) by extension 'colcon_meta'
[1.086s] Level 1:colcon.colcon_core.package_identification:_identify(.) by extensions ['ros']
[1.086s] Level 1:colcon.colcon_core.package_identification:_identify(.) by extension 'ros'
[1.098s] Level 1:colcon.colcon_core.package_identification:_identify(.) by extensions ['cmake', 'python']
[1.098s] Level 1:colcon.colcon_core.package_identification:_identify(.) by extension 'cmake'
[1.098s] Level 1:colcon.colcon_core.package_identification:_identify(.) by extension 'python'
[1.098s] Level 1:colcon.colcon_core.package_identification:_identify(.) by extensions ['python_setup_py']
[1.098s] Level 1:colcon.colcon_core.package_identification:_identify(.) by extension 'python_setup_py'
[1.098s] Level 1:colcon.colcon_core.package_identification:_identify(build) by extensions ['ignore', 'ignore_ament_install']
[1.098s] Level 1:colcon.colcon_core.package_identification:_identify(build) by extension 'ignore'
[1.098s] Level 1:colcon.colcon_core.package_identification:_identify(build) ignored
[1.098s] Level 1:colcon.colcon_core.package_identification:_identify(install) by extensions ['ignore', 'ignore_ament_install']
[1.098s] Level 1:colcon.colcon_core.package_identification:_identify(install) by extension 'ignore'
[1.099s] Level 1:colcon.colcon_core.package_identification:_identify(install) ignored
[1.099s] Level 1:colcon.colcon_core.package_identification:_identify(log) by extensions ['ignore', 'ignore_ament_install']
[1.099s] Level 1:colcon.colcon_core.package_identification:_identify(log) by extension 'ignore'
[1.099s] Level 1:colcon.colcon_core.package_identification:_identify(log) ignored
[1.099s] Level 1:colcon.colcon_core.package_identification:_identify(src) by extensions ['ignore', 'ignore_ament_install']
[1.099s] Level 1:colcon.colcon_core.package_identification:_identify(src) by extension 'ignore'
[1.099s] Level 1:colcon.colcon_core.package_identification:_identify(src) by extension 'ignore_ament_install'
[1.099s] Level 1:colcon.colcon_core.package_identification:_identify(src) by extensions ['colcon_pkg']
[1.099s] Level 1:colcon.colcon_core.package_identification:_identify(src) by extension 'colcon_pkg'
[1.099s] Level 1:colcon.colcon_core.package_identification:_identify(src) by extensions ['colcon_meta']
[1.099s] Level 1:colcon.colcon_core.package_identification:_identify(src) by extension 'colcon_meta'
[1.099s] Level 1:colcon.colcon_core.package_identification:_identify(src) by extensions ['ros']
[1.099s] Level 1:colcon.colcon_core.package_identification:_identify(src) by extension 'ros'
[1.099s] Level 1:colcon.colcon_core.package_identification:_identify(src) by extensions ['cmake', 'python']
[1.099s] Level 1:colcon.colcon_core.package_identification:_identify(src) by extension 'cmake'
[1.099s] Level 1:colcon.colcon_core.package_identification:_identify(src) by extension 'python'
[1.099s] Level 1:colcon.colcon_core.package_identification:_identify(src) by extensions ['python_setup_py']
[1.099s] Level 1:colcon.colcon_core.package_identification:_identify(src) by extension 'python_setup_py'
[1.099s] Level 1:colcon.colcon_core.package_identification:_identify(src/camera_subscriber) by extensions ['ignore', 'ignore_ament_install']
[1.099s] Level 1:colcon.colcon_core.package_identification:_identify(src/camera_subscriber) by extension 'ignore'
[1.099s] Level 1:colcon.colcon_core.package_identification:_identify(src/camera_subscriber) by extension 'ignore_ament_install'
[1.099s] Level 1:colcon.colcon_core.package_identification:_identify(src/camera_subscriber) by extensions ['colcon_pkg']
[1.099s] Level 1:colcon.colcon_core.package_identification:_identify(src/camera_subscriber) by extension 'colcon_pkg'
[1.099s] Level 1:colcon.colcon_core.package_identification:_identify(src/camera_subscriber) by extensions ['colcon_meta']
[1.100s] Level 1:colcon.colcon_core.package_identification:_identify(src/camera_subscriber) by extension 'colcon_meta'
[1.100s] Level 1:colcon.colcon_core.package_identification:_identify(src/camera_subscriber) by extensions ['ros']
[1.100s] Level 1:colcon.colcon_core.package_identification:_identify(src/camera_subscriber) by extension 'ros'
[1.102s] DEBUG:colcon.colcon_core.package_identification:Package 'src/camera_subscriber' with type 'ros.ament_python' and name 'camera_subscriber'
[1.102s] Level 1:colcon.colcon_core.package_identification:_identify(src/usb_cam) by extensions ['ignore', 'ignore_ament_install']
[1.102s] Level 1:colcon.colcon_core.package_identification:_identify(src/usb_cam) by extension 'ignore'
[1.102s] Level 1:colcon.colcon_core.package_identification:_identify(src/usb_cam) by extension 'ignore_ament_install'
[1.102s] Level 1:colcon.colcon_core.package_identification:_identify(src/usb_cam) by extensions ['colcon_pkg']
[1.102s] Level 1:colcon.colcon_core.package_identification:_identify(src/usb_cam) by extension 'colcon_pkg'
[1.102s] Level 1:colcon.colcon_core.package_identification:_identify(src/usb_cam) by extensions ['colcon_meta']
[1.102s] Level 1:colcon.colcon_core.package_identification:_identify(src/usb_cam) by extension 'colcon_meta'
[1.102s] Level 1:colcon.colcon_core.package_identification:_identify(src/usb_cam) by extensions ['ros']
[1.102s] Level 1:colcon.colcon_core.package_identification:_identify(src/usb_cam) by extension 'ros'
[1.110s] DEBUG:colcon.colcon_core.package_identification:Package 'src/usb_cam' with type 'ros.ament_cmake' and name 'usb_cam'
[1.110s] Level 1:colcon.colcon_core.package_discovery:discover_packages(recursive) using defaults
[1.110s] Level 1:colcon.colcon_core.package_discovery:discover_packages(ignore) discover
[1.110s] Level 1:colcon.colcon_core.package_discovery:discover_packages(ignore) using defaults
[1.110s] Level 1:colcon.colcon_core.package_discovery:discover_packages(path) discover
[1.111s] Level 1:colcon.colcon_core.package_discovery:discover_packages(path) using defaults
[1.195s] Level 1:colcon.colcon_core.package_discovery:discover_packages(prefix_path) check parameters
[1.195s] Level 1:colcon.colcon_core.package_discovery:discover_packages(prefix_path) discover
[1.230s] DEBUG:colcon.colcon_installed_package_information.package_discovery:Found 2 installed packages in /home/ros2/ros2_ws/install
[1.245s] DEBUG:colcon.colcon_installed_package_information.package_discovery:Found 276 installed packages in /opt/ros/humble
[1.247s] Level 1:colcon.colcon_core.package_discovery:discover_packages(prefix_path) using defaults
[1.334s] Level 5:colcon.colcon_core.verb:set package 'camera_subscriber' build argument 'cmake_args' from command line to 'None'
[1.334s] Level 5:colcon.colcon_core.verb:set package 'camera_subscriber' build argument 'cmake_target' from command line to 'None'
[1.334s] Level 5:colcon.colcon_core.verb:set package 'camera_subscriber' build argument 'cmake_target_skip_unavailable' from command line to 'False'
[1.334s] Level 5:colcon.colcon_core.verb:set package 'camera_subscriber' build argument 'cmake_clean_cache' from command line to 'False'
[1.334s] Level 5:colcon.colcon_core.verb:set package 'camera_subscriber' build argument 'cmake_clean_first' from command line to 'False'
[1.334s] Level 5:colcon.colcon_core.verb:set package 'camera_subscriber' build argument 'cmake_force_configure' from command line to 'False'
[1.334s] Level 5:colcon.colcon_core.verb:set package 'camera_subscriber' build argument 'ament_cmake_args' from command line to 'None'
[1.334s] Level 5:colcon.colcon_core.verb:set package 'camera_subscriber' build argument 'catkin_cmake_args' from command line to 'None'
[1.334s] Level 5:colcon.colcon_core.verb:set package 'camera_subscriber' build argument 'catkin_skip_building_tests' from command line to 'False'
[1.334s] DEBUG:colcon.colcon_core.verb:Building package 'camera_subscriber' with the following arguments: {'ament_cmake_args': None, 'build_base': '/home/ros2/ros2_ws/build/camera_subscriber', 'catkin_cmake_args': None, 'catkin_skip_building_tests': False, 'cmake_args': None, 'cmake_clean_cache': False, 'cmake_clean_first': False, 'cmake_force_configure': False, 'cmake_target': None, 'cmake_target_skip_unavailable': False, 'install_base': '/home/ros2/ros2_ws/install/camera_subscriber', 'merge_install': False, 'path': '/home/ros2/ros2_ws/src/camera_subscriber', 'symlink_install': False, 'test_result_base': None}
[1.347s] Level 5:colcon.colcon_core.verb:set package 'usb_cam' build argument 'cmake_args' from command line to 'None'
[1.347s] Level 5:colcon.colcon_core.verb:set package 'usb_cam' build argument 'cmake_target' from command line to 'None'
[1.347s] Level 5:colcon.colcon_core.verb:set package 'usb_cam' build argument 'cmake_target_skip_unavailable' from command line to 'False'
[1.347s] Level 5:colcon.colcon_core.verb:set package 'usb_cam' build argument 'cmake_clean_cache' from command line to 'False'
[1.347s] Level 5:colcon.colcon_core.verb:set package 'usb_cam' build argument 'cmake_clean_first' from command line to 'False'
[1.347s] Level 5:colcon.colcon_core.verb:set package 'usb_cam' build argument 'cmake_force_configure' from command line to 'False'
[1.347s] Level 5:colcon.colcon_core.verb:set package 'usb_cam' build argument 'ament_cmake_args' from command line to 'None'
[1.347s] Level 5:colcon.colcon_core.verb:set package 'usb_cam' build argument 'catkin_cmake_args' from command line to 'None'
[1.347s] Level 5:colcon.colcon_core.verb:set package 'usb_cam' build argument 'catkin_skip_building_tests' from command line to 'False'
[1.347s] DEBUG:colcon.colcon_core.verb:Building package 'usb_cam' with the following arguments: {'ament_cmake_args': None, 'build_base': '/home/ros2/ros2_ws/build/usb_cam', 'catkin_cmake_args': None, 'catkin_skip_building_tests': False, 'cmake_args': None, 'cmake_clean_cache': False, 'cmake_clean_first': False, 'cmake_force_configure': False, 'cmake_target': None, 'cmake_target_skip_unavailable': False, 'install_base': '/home/ros2/ros2_ws/install/usb_cam', 'merge_install': False, 'path': '/home/ros2/ros2_ws/src/usb_cam', 'symlink_install': False, 'test_result_base': None}
[1.361s] INFO:colcon.colcon_core.executor:Executing jobs using 'parallel' executor
[1.376s] DEBUG:colcon.colcon_parallel_executor.executor.parallel:run_until_complete
[1.376s] INFO:colcon.colcon_ros.task.ament_python.build:Building ROS package in '/home/ros2/ros2_ws/src/camera_subscriber' with build type 'ament_python'
[1.376s] Level 1:colcon.colcon_core.shell:create_environment_hook('camera_subscriber', 'ament_prefix_path')
[1.395s] INFO:colcon.colcon_core.plugin_system:Skipping extension 'colcon_core.shell.bat': Not used on non-Windows systems
[1.395s] INFO:colcon.colcon_core.shell:Creating environment hook '/home/ros2/ros2_ws/install/camera_subscriber/share/camera_subscriber/hook/ament_prefix_path.ps1'
[1.396s] INFO:colcon.colcon_core.shell:Creating environment descriptor '/home/ros2/ros2_ws/install/camera_subscriber/share/camera_subscriber/hook/ament_prefix_path.dsv'
[1.397s] INFO:colcon.colcon_core.shell:Creating environment hook '/home/ros2/ros2_ws/install/camera_subscriber/share/camera_subscriber/hook/ament_prefix_path.sh'
[1.413s] INFO:colcon.colcon_core.shell:Skip shell extension 'powershell' for command environment: Not usable outside of PowerShell
[1.413s] DEBUG:colcon.colcon_core.shell:Skip shell extension 'dsv' for command environment
[1.461s] INFO:colcon.colcon_ros.task.ament_cmake.build:Building ROS package in '/home/ros2/ros2_ws/src/usb_cam' with build type 'ament_cmake'
[1.461s] INFO:colcon.colcon_cmake.task.cmake.build:Building CMake package in '/home/ros2/ros2_ws/src/usb_cam'
[1.476s] INFO:colcon.colcon_core.shell:Skip shell extension 'powershell' for command environment: Not usable outside of PowerShell
[1.477s] DEBUG:colcon.colcon_core.shell:Skip shell extension 'dsv' for command environment
[1.838s] INFO:colcon.colcon_core.task.python.build:Building Python package in '/home/ros2/ros2_ws/src/camera_subscriber'
[1.851s] INFO:colcon.colcon_core.shell:Skip shell extension 'powershell' for command environment: Not usable outside of PowerShell
[1.851s] DEBUG:colcon.colcon_core.shell:Skip shell extension 'dsv' for command environment
[1.910s] DEBUG:colcon.colcon_core.event_handler.log_command:Invoking command in '/home/ros2/ros2_ws/build/usb_cam': CMAKE_PREFIX_PATH=${CMAKE_PREFIX_PATH}:/home/ros2/ros2_ws/install/camera_subscriber:/opt/ros/humble /usr/bin/cmake --build /home/ros2/ros2_ws/build/usb_cam -- -j4 -l4
[2.070s] DEBUG:colcon.colcon_core.event_handler.log_command:Invoked command in '/home/ros2/ros2_ws/build/usb_cam' returned '0': CMAKE_PREFIX_PATH=${CMAKE_PREFIX_PATH}:/home/ros2/ros2_ws/install/camera_subscriber:/opt/ros/humble /usr/bin/cmake --build /home/ros2/ros2_ws/build/usb_cam -- -j4 -l4
[2.176s] DEBUG:colcon.colcon_core.event_handler.log_command:Invoking command in '/home/ros2/ros2_ws/build/usb_cam': CMAKE_PREFIX_PATH=${CMAKE_PREFIX_PATH}:/home/ros2/ros2_ws/install/camera_subscriber:/opt/ros/humble /usr/bin/cmake --install /home/ros2/ros2_ws/build/usb_cam
[2.228s] Level 1:colcon.colcon_core.environment:create_environment_scripts_only(usb_cam)
[2.230s] DEBUG:colcon.colcon_core.event_handler.log_command:Invoked command in '/home/ros2/ros2_ws/build/usb_cam' returned '0': CMAKE_PREFIX_PATH=${CMAKE_PREFIX_PATH}:/home/ros2/ros2_ws/install/camera_subscriber:/opt/ros/humble /usr/bin/cmake --install /home/ros2/ros2_ws/build/usb_cam
[2.245s] Level 1:colcon.colcon_core.environment:checking '/home/ros2/ros2_ws/install/usb_cam' for CMake module files
[2.246s] Level 1:colcon.colcon_core.environment:checking '/home/ros2/ros2_ws/install/usb_cam' for CMake config files
[2.246s] Level 1:colcon.colcon_core.shell:create_environment_hook('usb_cam', 'cmake_prefix_path')
[2.262s] INFO:colcon.colcon_core.shell:Creating environment hook '/home/ros2/ros2_ws/install/usb_cam/share/usb_cam/hook/cmake_prefix_path.ps1'
[2.263s] INFO:colcon.colcon_core.shell:Creating environment descriptor '/home/ros2/ros2_ws/install/usb_cam/share/usb_cam/hook/cmake_prefix_path.dsv'
[2.264s] INFO:colcon.colcon_core.shell:Creating environment hook '/home/ros2/ros2_ws/install/usb_cam/share/usb_cam/hook/cmake_prefix_path.sh'
[2.266s] Level 1:colcon.colcon_core.environment:checking '/home/ros2/ros2_ws/install/usb_cam/lib'
[2.266s] Level 1:colcon.colcon_core.shell:create_environment_hook('usb_cam', 'ld_library_path_lib')
[2.281s] INFO:colcon.colcon_core.shell:Creating environment hook '/home/ros2/ros2_ws/install/usb_cam/share/usb_cam/hook/ld_library_path_lib.ps1'
[2.282s] INFO:colcon.colcon_core.shell:Creating environment descriptor '/home/ros2/ros2_ws/install/usb_cam/share/usb_cam/hook/ld_library_path_lib.dsv'
[2.283s] INFO:colcon.colcon_core.shell:Creating environment hook '/home/ros2/ros2_ws/install/usb_cam/share/usb_cam/hook/ld_library_path_lib.sh'
[2.284s] Level 1:colcon.colcon_core.environment:checking '/home/ros2/ros2_ws/install/usb_cam/bin'
[2.284s] Level 1:colcon.colcon_core.environment:checking '/home/ros2/ros2_ws/install/usb_cam/lib/pkgconfig/usb_cam.pc'
[2.284s] Level 1:colcon.colcon_core.environment:checking '/home/ros2/ros2_ws/install/usb_cam/lib/python3.10/site-packages'
[2.284s] Level 1:colcon.colcon_core.environment:checking '/home/ros2/ros2_ws/install/usb_cam/bin'
[2.298s] INFO:colcon.colcon_core.shell:Creating package script '/home/ros2/ros2_ws/install/usb_cam/share/usb_cam/package.ps1'
[2.299s] INFO:colcon.colcon_core.shell:Creating package descriptor '/home/ros2/ros2_ws/install/usb_cam/share/usb_cam/package.dsv'
[2.300s] INFO:colcon.colcon_core.shell:Creating package script '/home/ros2/ros2_ws/install/usb_cam/share/usb_cam/package.sh'
[2.301s] INFO:colcon.colcon_core.shell:Creating package script '/home/ros2/ros2_ws/install/usb_cam/share/usb_cam/package.bash'
[2.302s] INFO:colcon.colcon_core.shell:Creating package script '/home/ros2/ros2_ws/install/usb_cam/share/usb_cam/package.zsh'
[2.304s] Level 1:colcon.colcon_core.environment:create_file_with_runtime_dependencies(/home/ros2/ros2_ws/install/usb_cam/share/colcon-core/packages/usb_cam)
[2.325s] DEBUG:colcon.colcon_core.event_handler.log_command:Invoking command in '/home/ros2/ros2_ws/src/camera_subscriber': PYTHONPATH=/home/ros2/ros2_ws/build/camera_subscriber/prefix_override:/home/ros2/ros2_ws/install/camera_subscriber/lib/python3.10/site-packages:${PYTHONPATH} /usr/bin/python3 setup.py egg_info --egg-base ../../build/camera_subscriber build --build-base /home/ros2/ros2_ws/build/camera_subscriber/build install --record /home/ros2/ros2_ws/build/camera_subscriber/install.log --single-version-externally-managed
[2.456s] Level 1:colcon.colcon_core.environment:create_environment_scripts_only(usb_cam)
[2.471s] Level 1:colcon.colcon_core.environment:checking '/home/ros2/ros2_ws/install/usb_cam' for CMake module files
[2.472s] Level 1:colcon.colcon_core.environment:checking '/home/ros2/ros2_ws/install/usb_cam' for CMake config files
[2.472s] Level 1:colcon.colcon_core.shell:create_environment_hook('usb_cam', 'cmake_prefix_path')
[2.492s] INFO:colcon.colcon_core.shell:Creating environment hook '/home/ros2/ros2_ws/install/usb_cam/share/usb_cam/hook/cmake_prefix_path.ps1'
[2.494s] INFO:colcon.colcon_core.shell:Creating environment descriptor '/home/ros2/ros2_ws/install/usb_cam/share/usb_cam/hook/cmake_prefix_path.dsv'
[2.495s] INFO:colcon.colcon_core.shell:Creating environment hook '/home/ros2/ros2_ws/install/usb_cam/share/usb_cam/hook/cmake_prefix_path.sh'
[2.497s] Level 1:colcon.colcon_core.environment:checking '/home/ros2/ros2_ws/install/usb_cam/lib'
[2.497s] Level 1:colcon.colcon_core.shell:create_environment_hook('usb_cam', 'ld_library_path_lib')
[2.516s] INFO:colcon.colcon_core.shell:Creating environment hook '/home/ros2/ros2_ws/install/usb_cam/share/usb_cam/hook/ld_library_path_lib.ps1'
[2.517s] INFO:colcon.colcon_core.shell:Creating environment descriptor '/home/ros2/ros2_ws/install/usb_cam/share/usb_cam/hook/ld_library_path_lib.dsv'
[2.518s] INFO:colcon.colcon_core.shell:Creating environment hook '/home/ros2/ros2_ws/install/usb_cam/share/usb_cam/hook/ld_library_path_lib.sh'
[2.520s] Level 1:colcon.colcon_core.environment:checking '/home/ros2/ros2_ws/install/usb_cam/bin'
[2.520s] Level 1:colcon.colcon_core.environment:checking '/home/ros2/ros2_ws/install/usb_cam/lib/pkgconfig/usb_cam.pc'
[2.520s] Level 1:colcon.colcon_core.environment:checking '/home/ros2/ros2_ws/install/usb_cam/lib/python3.10/site-packages'
[2.521s] Level 1:colcon.colcon_core.environment:checking '/home/ros2/ros2_ws/install/usb_cam/bin'
[2.536s] INFO:colcon.colcon_core.shell:Creating package script '/home/ros2/ros2_ws/install/usb_cam/share/usb_cam/package.ps1'
[2.537s] INFO:colcon.colcon_core.shell:Creating package descriptor '/home/ros2/ros2_ws/install/usb_cam/share/usb_cam/package.dsv'
[2.539s] INFO:colcon.colcon_core.shell:Creating package script '/home/ros2/ros2_ws/install/usb_cam/share/usb_cam/package.sh'
[2.541s] INFO:colcon.colcon_core.shell:Creating package script '/home/ros2/ros2_ws/install/usb_cam/share/usb_cam/package.bash'
[2.542s] INFO:colcon.colcon_core.shell:Creating package script '/home/ros2/ros2_ws/install/usb_cam/share/usb_cam/package.zsh'
[2.543s] Level 1:colcon.colcon_core.environment:create_file_with_runtime_dependencies(/home/ros2/ros2_ws/install/usb_cam/share/colcon-core/packages/usb_cam)
[2.702s] DEBUG:colcon.colcon_core.event_handler.log_command:Invoked command in '/home/ros2/ros2_ws/src/camera_subscriber' returned '0': PYTHONPATH=/home/ros2/ros2_ws/build/camera_subscriber/prefix_override:/home/ros2/ros2_ws/install/camera_subscriber/lib/python3.10/site-packages:${PYTHONPATH} /usr/bin/python3 setup.py egg_info --egg-base ../../build/camera_subscriber build --build-base /home/ros2/ros2_ws/build/camera_subscriber/build install --record /home/ros2/ros2_ws/build/camera_subscriber/install.log --single-version-externally-managed
[2.718s] Level 1:colcon.colcon_core.environment:checking '/home/ros2/ros2_ws/install/camera_subscriber' for CMake module files
[2.718s] Level 1:colcon.colcon_core.environment:checking '/home/ros2/ros2_ws/install/camera_subscriber' for CMake config files
[2.719s] Level 1:colcon.colcon_core.environment:checking '/home/ros2/ros2_ws/install/camera_subscriber/lib'
[2.719s] Level 1:colcon.colcon_core.environment:checking '/home/ros2/ros2_ws/install/camera_subscriber/bin'
[2.719s] Level 1:colcon.colcon_core.environment:checking '/home/ros2/ros2_ws/install/camera_subscriber/lib/pkgconfig/camera_subscriber.pc'
[2.719s] Level 1:colcon.colcon_core.environment:checking '/home/ros2/ros2_ws/install/camera_subscriber/lib/python3.10/site-packages'
[2.719s] Level 1:colcon.colcon_core.shell:create_environment_hook('camera_subscriber', 'pythonpath')
[2.736s] INFO:colcon.colcon_core.shell:Creating environment hook '/home/ros2/ros2_ws/install/camera_subscriber/share/camera_subscriber/hook/pythonpath.ps1'
[2.736s] INFO:colcon.colcon_core.shell:Creating environment descriptor '/home/ros2/ros2_ws/install/camera_subscriber/share/camera_subscriber/hook/pythonpath.dsv'
[2.737s] INFO:colcon.colcon_core.shell:Creating environment hook '/home/ros2/ros2_ws/install/camera_subscriber/share/camera_subscriber/hook/pythonpath.sh'
[2.740s] Level 1:colcon.colcon_core.environment:checking '/home/ros2/ros2_ws/install/camera_subscriber/bin'
[2.740s] Level 1:colcon.colcon_core.environment:create_environment_scripts_only(camera_subscriber)
[2.755s] INFO:colcon.colcon_core.shell:Creating package script '/home/ros2/ros2_ws/install/camera_subscriber/share/camera_subscriber/package.ps1'
[2.757s] INFO:colcon.colcon_core.shell:Creating package descriptor '/home/ros2/ros2_ws/install/camera_subscriber/share/camera_subscriber/package.dsv'
[2.759s] INFO:colcon.colcon_core.shell:Creating package script '/home/ros2/ros2_ws/install/camera_subscriber/share/camera_subscriber/package.sh'
[2.761s] INFO:colcon.colcon_core.shell:Creating package script '/home/ros2/ros2_ws/install/camera_subscriber/share/camera_subscriber/package.bash'
[2.762s] INFO:colcon.colcon_core.shell:Creating package script '/home/ros2/ros2_ws/install/camera_subscriber/share/camera_subscriber/package.zsh'
[2.763s] Level 1:colcon.colcon_core.environment:create_file_with_runtime_dependencies(/home/ros2/ros2_ws/install/camera_subscriber/share/colcon-core/packages/camera_subscriber)
[2.764s] DEBUG:colcon.colcon_parallel_executor.executor.parallel:closing loop
[2.764s] DEBUG:colcon.colcon_parallel_executor.executor.parallel:loop closed
[2.764s] DEBUG:colcon.colcon_parallel_executor.executor.parallel:run_until_complete finished with '0'
[2.764s] DEBUG:colcon.colcon_core.event_reactor:joining thread
[2.794s] INFO:colcon.colcon_core.plugin_system:Skipping extension 'colcon_notification.desktop_notification.terminal_notifier': Not used on non-Darwin systems
[2.794s] INFO:colcon.colcon_core.plugin_system:Skipping extension 'colcon_notification.desktop_notification.win32': Not used on non-Windows systems
[2.794s] INFO:colcon.colcon_notification.desktop_notification:Sending desktop notification using 'notify2'
[2.824s] DEBUG:colcon.colcon_core.event_reactor:joined thread
[2.841s] INFO:colcon.colcon_core.shell:Creating prefix script '/home/ros2/ros2_ws/install/local_setup.ps1'
[2.843s] INFO:colcon.colcon_core.shell:Creating prefix util module '/home/ros2/ros2_ws/install/_local_setup_util_ps1.py'
[2.845s] INFO:colcon.colcon_core.shell:Creating prefix chain script '/home/ros2/ros2_ws/install/setup.ps1'
[2.863s] INFO:colcon.colcon_core.shell:Creating prefix script '/home/ros2/ros2_ws/install/local_setup.sh'
[2.864s] INFO:colcon.colcon_core.shell:Creating prefix util module '/home/ros2/ros2_ws/install/_local_setup_util_sh.py'
[2.866s] INFO:colcon.colcon_core.shell:Creating prefix chain script '/home/ros2/ros2_ws/install/setup.sh'
[2.882s] INFO:colcon.colcon_core.shell:Creating prefix script '/home/ros2/ros2_ws/install/local_setup.bash'
[2.883s] INFO:colcon.colcon_core.shell:Creating prefix chain script '/home/ros2/ros2_ws/install/setup.bash'
[2.901s] INFO:colcon.colcon_core.shell:Creating prefix script '/home/ros2/ros2_ws/install/local_setup.zsh'
[2.902s] INFO:colcon.colcon_core.shell:Creating prefix chain script '/home/ros2/ros2_ws/install/setup.zsh'
